#
# There is insufficient memory for the Java Runtime Environment to continue.
# Native memory allocation (malloc) failed to allocate 915136 bytes for Chunk::new
# Possible reasons:
#   The system is out of physical RAM or swap space
#   The process is running with CompressedOops enabled, and the Java Heap may be blocking the growth of the native heap
# Possible solutions:
#   Reduce memory load on the system
#   Increase physical memory or swap space
#   Check if swap backing store is full
#   Decrease Java heap size (-Xmx/-Xms)
#   Decrease number of Java threads
#   Decrease Java thread stack sizes (-Xss)
#   Set larger code cache with -XX:ReservedCodeCacheSize=
#   JVM is running with Unscaled Compressed Oops mode in which the Java heap is
#     placed in the first 4GB address space. The Java Heap base address is the
#     maximum limit for the native heap growth. Please use -XX:HeapBaseMinAddress
#     to set the Java Heap base and to place the Java Heap above 4GB virtual address.
# This output file may be truncated or incomplete.
#
#  Out of Memory Error (allocation.cpp:390), pid=11700, tid=0x00000000000019cc
#
# JRE version: Java(TM) SE Runtime Environment (8.0_192-b12) (build 1.8.0_192-b12)
# Java VM: Java HotSpot(TM) 64-Bit Server VM (25.192-b12 mixed mode windows-amd64 compressed oops)
# Failed to write core dump. Minidumps are not enabled by default on client versions of Windows
#

---------------  T H R E A D  ---------------

Current thread (0x0000000017f84000):  JavaThread "C2 CompilerThread0" daemon [_thread_in_native, id=6604, stack(0x0000000019f60000,0x000000001a060000)]

Stack: [0x0000000019f60000,0x000000001a060000]
[error occurred during error reporting (printing stack bounds), id 0xc0000005]

Native frames: (J=compiled Java code, j=interpreted, Vv=VM code, C=native code)


Current CompileTask:
C2:  15734 6393   !   4       java.net.URLClassLoader$1::run (63 bytes)


---------------  P R O C E S S  ---------------

Java Threads: ( => current thread )
  0x00000000207d7000 JavaThread "http-bio-9001-AsyncTimeout" daemon [_thread_blocked, id=11720, stack(0x0000000028100000,0x0000000028200000)]
  0x00000000207d4000 JavaThread "http-bio-9001-Acceptor-0" daemon [_thread_in_native, id=12176, stack(0x0000000028000000,0x0000000028100000)]
  0x00000000207cc000 JavaThread "ContainerBackgroundProcessor[StandardEngine[Tomcat]]" daemon [_thread_blocked, id=14188, stack(0x0000000027f00000,0x0000000028000000)]
  0x00000000207ce800 JavaThread "DubboSaveRegistryCache-thread-1" daemon [_thread_blocked, id=10676, stack(0x0000000027c00000,0x0000000027d00000)]
  0x00000000207d3000 JavaThread "localhost-startStop-1-EventThread" daemon [_thread_blocked, id=14000, stack(0x0000000027a00000,0x0000000027b00000)]
  0x00000000207d2800 JavaThread "localhost-startStop-1-SendThread(192.168.25.111:2181)" daemon [_thread_in_native, id=14760, stack(0x0000000027900000,0x0000000027a00000)]
  0x00000000207cf800 JavaThread "ZkClient-EventThread-28-192.168.25.111:2181" daemon [_thread_blocked, id=10220, stack(0x0000000027800000,0x0000000027900000)]
  0x00000000207cd800 JavaThread "DubboRegistryFailedRetryTimer-thread-1" daemon [_thread_blocked, id=8060, stack(0x0000000027700000,0x0000000027800000)]
  0x00000000207d1800 JavaThread "dubbo-remoting-server-heartbeat-thread-1" daemon [_thread_blocked, id=9264, stack(0x0000000027600000,0x0000000027700000)]
  0x00000000207d1000 JavaThread "New I/O server boss #8" daemon [_thread_in_native, id=13492, stack(0x0000000027500000,0x0000000027600000)]
  0x00000000207cd000 JavaThread "New I/O worker #7" daemon [_thread_in_native, id=9196, stack(0x0000000027400000,0x0000000027500000)]
  0x00000000207cb800 JavaThread "New I/O worker #6" daemon [_thread_in_native, id=4660, stack(0x0000000027300000,0x0000000027400000)]
  0x000000001c611000 JavaThread "New I/O worker #5" daemon [_thread_in_native, id=11728, stack(0x0000000027200000,0x0000000027300000)]
  0x000000001c60f800 JavaThread "New I/O worker #4" daemon [_thread_in_native, id=11032, stack(0x0000000027100000,0x0000000027200000)]
  0x000000001c60e800 JavaThread "New I/O worker #3" daemon [_thread_in_native, id=12428, stack(0x0000000027000000,0x0000000027100000)]
  0x000000001c60d000 JavaThread "New I/O worker #2" daemon [_thread_in_native, id=9736, stack(0x0000000026f00000,0x0000000027000000)]
  0x000000001c60c800 JavaThread "New I/O worker #1" daemon [_thread_in_native, id=12376, stack(0x0000000026e00000,0x0000000026f00000)]
  0x000000001c610000 JavaThread "commons-pool-EvictionTimer" daemon [_thread_blocked, id=5612, stack(0x0000000026900000,0x0000000026a00000)]
  0x000000001c612800 JavaThread "Thread-2" daemon [_thread_in_native, id=11404, stack(0x000000001ff50000,0x0000000020050000)]
  0x000000001c611800 JavaThread "localhost-startStop-1" daemon [_thread_blocked, id=14072, stack(0x000000001fe50000,0x000000001ff50000)]
  0x000000001c60e000 JavaThread "Tomcat-startStop-1" daemon [_thread_blocked, id=11660, stack(0x000000001d6b0000,0x000000001d7b0000)]
  0x0000000019a23800 JavaThread "Service Thread" daemon [_thread_blocked, id=11784, stack(0x000000001a260000,0x000000001a360000)]
  0x00000000199b3800 JavaThread "C1 CompilerThread2" daemon [_thread_blocked, id=13680, stack(0x000000001a160000,0x000000001a260000)]
  0x00000000199ae000 JavaThread "C2 CompilerThread1" daemon [_thread_in_native, id=13420, stack(0x000000001a060000,0x000000001a160000)]
=>0x0000000017f84000 JavaThread "C2 CompilerThread0" daemon [_thread_in_native, id=6604, stack(0x0000000019f60000,0x000000001a060000)]
  0x00000000199ab800 JavaThread "Attach Listener" daemon [_thread_blocked, id=15312, stack(0x0000000019e60000,0x0000000019f60000)]
  0x0000000017f6c800 JavaThread "Signal Dispatcher" daemon [_thread_blocked, id=1444, stack(0x0000000019d60000,0x0000000019e60000)]
  0x000000000327c800 JavaThread "Finalizer" daemon [_thread_blocked, id=1236, stack(0x0000000019800000,0x0000000019900000)]
  0x0000000017f5c800 JavaThread "Reference Handler" daemon [_thread_blocked, id=11688, stack(0x0000000019700000,0x0000000019800000)]
  0x000000000307e000 JavaThread "main" [_thread_blocked, id=11672, stack(0x0000000003080000,0x0000000003180000)]

Other Threads:
  0x0000000017f37000 VMThread [stack: 0x0000000019600000,0x0000000019700000] [id=14680]
  0x0000000019a52000 WatcherThread [stack: 0x000000001a360000,0x000000001a460000] [id=2708]

VM state:not at safepoint (normal execution)

VM Mutex/Monitor currently owned by a thread: None

heap address: 0x0000000082600000, size: 2010 MB, Compressed Oops mode: 32-bit
Narrow klass base: 0x0000000000000000, Narrow klass shift: 3
Compressed class space size: 1073741824 Address: 0x0000000100000000

Heap:
 PSYoungGen      total 294400K, used 54511K [0x00000000d6200000, 0x00000000eb880000, 0x0000000100000000)
  eden space 262656K, 20% used [0x00000000d6200000,0x00000000d973bce0,0x00000000e6280000)
  from space 31744K, 0% used [0x00000000e8900000,0x00000000e8900000,0x00000000ea800000)
  to   space 39424K, 0% used [0x00000000e6280000,0x00000000e6280000,0x00000000e8900000)
 ParOldGen       total 132096K, used 37268K [0x0000000082600000, 0x000000008a700000, 0x00000000d6200000)
  object space 132096K, 28% used [0x0000000082600000,0x0000000084a65178,0x000000008a700000)
 Metaspace       used 41157K, capacity 42400K, committed 42620K, reserved 1087488K
  class space    used 4898K, capacity 5144K, committed 5244K, reserved 1048576K

Card table byte_map: [0x0000000012640000,0x0000000012a30000] byte_map_base: 0x000000001222d000

Marking Bits: (ParMarkBitMap*) 0x0000000061293ce0
 Begin Bits: [0x00000000132d0000, 0x0000000015238000)
 End Bits:   [0x0000000015238000, 0x00000000171a0000)

Polling page: 0x0000000000bf0000

CodeCache: size=245760Kb used=17323Kb max_used=17354Kb free=228436Kb
 bounds [0x0000000003280000, 0x0000000004390000, 0x0000000012280000]
 total_blobs=6201 nmethods=5717 adapters=396
 compilation: enabled

Compilation events (10 events):
Event: 15.575 Thread 0x00000000199b3800 6407       1       org.apache.catalina.LifecycleState::getLifecycleEvent (5 bytes)
Event: 15.575 Thread 0x00000000199b3800 nmethod 6407 0x0000000004366550 code [0x00000000043666a0, 0x00000000043667b0]
Event: 15.579 Thread 0x00000000199b3800 6410       3       java.security.AccessControlContext::combine (205 bytes)
Event: 15.580 Thread 0x00000000199b3800 nmethod 6410 0x0000000004365450 code [0x0000000004365640, 0x0000000004366138]
Event: 15.688 Thread 0x0000000017f84000 nmethod 6381 0x0000000004372f50 code [0x00000000043735e0, 0x00000000043798e0]
Event: 15.688 Thread 0x0000000017f84000 6402 %     4       java.util.jar.Manifest$FastInputStream::readLine @ 83 (167 bytes)
Event: 15.692 Thread 0x0000000017f84000 nmethod 6402% 0x000000000436f3d0 code [0x000000000436f520, 0x000000000436fab8]
Event: 15.692 Thread 0x0000000017f84000 6408       4       java.util.regex.Pattern$CharProperty::match (56 bytes)
Event: 15.695 Thread 0x0000000017f84000 nmethod 6408 0x000000000436e990 code [0x000000000436eb00, 0x000000000436ee58]
Event: 15.695 Thread 0x0000000017f84000 6393   !   4       java.net.URLClassLoader$1::run (63 bytes)

GC Heap History (10 events):
Event: 4.344 GC heap before
{Heap before GC invocations=11 (full 1):
 PSYoungGen      total 216064K, used 216057K [0x00000000d6200000, 0x00000000ea800000, 0x0000000100000000)
  eden space 193536K, 100% used [0x00000000d6200000,0x00000000e1f00000,0x00000000e1f00000)
  from space 22528K, 99% used [0x00000000e1f00000,0x00000000e34fe598,0x00000000e3500000)
  to   space 31744K, 0% used [0x00000000e8900000,0x00000000e8900000,0x00000000ea800000)
 ParOldGen       total 68096K, used 46949K [0x0000000082600000, 0x0000000086880000, 0x00000000d6200000)
  object space 68096K, 68% used [0x0000000082600000,0x00000000853d95b0,0x0000000086880000)
 Metaspace       used 23836K, capacity 24354K, committed 24496K, reserved 1071104K
  class space    used 2786K, capacity 2937K, committed 2992K, reserved 1048576K
Event: 4.367 GC heap after
Heap after GC invocations=11 (full 1):
 PSYoungGen      total 294400K, used 31727K [0x00000000d6200000, 0x00000000eb880000, 0x0000000100000000)
  eden space 262656K, 0% used [0x00000000d6200000,0x00000000d6200000,0x00000000e6280000)
  from space 31744K, 99% used [0x00000000e8900000,0x00000000ea7fbe88,0x00000000ea800000)
  to   space 39424K, 0% used [0x00000000e6280000,0x00000000e6280000,0x00000000e8900000)
 ParOldGen       total 68096K, used 55568K [0x0000000082600000, 0x0000000086880000, 0x00000000d6200000)
  object space 68096K, 81% used [0x0000000082600000,0x0000000085c441a8,0x0000000086880000)
 Metaspace       used 23836K, capacity 24354K, committed 24496K, reserved 1071104K
  class space    used 2786K, capacity 2937K, committed 2992K, reserved 1048576K
}
Event: 4.367 GC heap before
{Heap before GC invocations=12 (full 2):
 PSYoungGen      total 294400K, used 31727K [0x00000000d6200000, 0x00000000eb880000, 0x0000000100000000)
  eden space 262656K, 0% used [0x00000000d6200000,0x00000000d6200000,0x00000000e6280000)
  from space 31744K, 99% used [0x00000000e8900000,0x00000000ea7fbe88,0x00000000ea800000)
  to   space 39424K, 0% used [0x00000000e6280000,0x00000000e6280000,0x00000000e8900000)
 ParOldGen       total 68096K, used 55568K [0x0000000082600000, 0x0000000086880000, 0x00000000d6200000)
  object space 68096K, 81% used [0x0000000082600000,0x0000000085c441a8,0x0000000086880000)
 Metaspace       used 23836K, capacity 24354K, committed 24496K, reserved 1071104K
  class space    used 2786K, capacity 2937K, committed 2992K, reserved 1048576K
Event: 4.413 GC heap after
Heap after GC invocations=12 (full 2):
 PSYoungGen      total 294400K, used 0K [0x00000000d6200000, 0x00000000eb880000, 0x0000000100000000)
  eden space 262656K, 0% used [0x00000000d6200000,0x00000000d6200000,0x00000000e6280000)
  from space 31744K, 0% used [0x00000000e8900000,0x00000000e8900000,0x00000000ea800000)
  to   space 39424K, 0% used [0x00000000e6280000,0x00000000e6280000,0x00000000e8900000)
 ParOldGen       total 68096K, used 51546K [0x0000000082600000, 0x0000000086880000, 0x00000000d6200000)
  object space 68096K, 75% used [0x0000000082600000,0x0000000085856a20,0x0000000086880000)
 Metaspace       used 23836K, capacity 24354K, committed 24496K, reserved 1071104K
  class space    used 2786K, capacity 2937K, committed 2992K, reserved 1048576K
}
Event: 5.377 GC heap before
{Heap before GC invocations=13 (full 2):
 PSYoungGen      total 294400K, used 262656K [0x00000000d6200000, 0x00000000eb880000, 0x0000000100000000)
  eden space 262656K, 100% used [0x00000000d6200000,0x00000000e6280000,0x00000000e6280000)
  from space 31744K, 0% used [0x00000000e8900000,0x00000000e8900000,0x00000000ea800000)
  to   space 39424K, 0% used [0x00000000e6280000,0x00000000e6280000,0x00000000e8900000)
 ParOldGen       total 68096K, used 51546K [0x0000000082600000, 0x0000000086880000, 0x00000000d6200000)
  object space 68096K, 75% used [0x0000000082600000,0x0000000085856a20,0x0000000086880000)
 Metaspace       used 34210K, capacity 34874K, committed 35248K, reserved 1081344K
  class space    used 4078K, capacity 4267K, committed 4272K, reserved 1048576K
Event: 5.401 GC heap after
Heap after GC invocations=13 (full 2):
 PSYoungGen      total 302080K, used 34967K [0x00000000d6200000, 0x00000000eb880000, 0x0000000100000000)
  eden space 262656K, 0% used [0x00000000d6200000,0x00000000d6200000,0x00000000e6280000)
  from space 39424K, 88% used [0x00000000e6280000,0x00000000e84a5fd0,0x00000000e8900000)
  to   space 31744K, 0% used [0x00000000e8900000,0x00000000e8900000,0x00000000ea800000)
 ParOldGen       total 68096K, used 51562K [0x0000000082600000, 0x0000000086880000, 0x00000000d6200000)
  object space 68096K, 75% used [0x0000000082600000,0x000000008585aa20,0x0000000086880000)
 Metaspace       used 34210K, capacity 34874K, committed 35248K, reserved 1081344K
  class space    used 4078K, capacity 4267K, committed 4272K, reserved 1048576K
}
Event: 15.053 GC heap before
{Heap before GC invocations=14 (full 2):
 PSYoungGen      total 302080K, used 264033K [0x00000000d6200000, 0x00000000eb880000, 0x0000000100000000)
  eden space 262656K, 87% used [0x00000000d6200000,0x00000000e41b2600,0x00000000e6280000)
  from space 39424K, 88% used [0x00000000e6280000,0x00000000e84a5fd0,0x00000000e8900000)
  to   space 31744K, 0% used [0x00000000e8900000,0x00000000e8900000,0x00000000ea800000)
 ParOldGen       total 68096K, used 51562K [0x0000000082600000, 0x0000000086880000, 0x00000000d6200000)
  object space 68096K, 75% used [0x0000000082600000,0x000000008585aa20,0x0000000086880000)
 Metaspace       used 39859K, capacity 40512K, committed 40828K, reserved 1085440K
  class space    used 4727K, capacity 4920K, committed 4988K, reserved 1048576K
Event: 15.067 GC heap after
Heap after GC invocations=14 (full 2):
 PSYoungGen      total 294400K, used 11183K [0x00000000d6200000, 0x00000000eb880000, 0x0000000100000000)
  eden space 262656K, 0% used [0x00000000d6200000,0x00000000d6200000,0x00000000e6280000)
  from space 31744K, 35% used [0x00000000e8900000,0x00000000e93ebd00,0x00000000ea800000)
  to   space 39424K, 0% used [0x00000000e6280000,0x00000000e6280000,0x00000000e8900000)
 ParOldGen       total 68096K, used 62750K [0x0000000082600000, 0x0000000086880000, 0x00000000d6200000)
  object space 68096K, 92% used [0x0000000082600000,0x0000000086347b10,0x0000000086880000)
 Metaspace       used 39859K, capacity 40512K, committed 40828K, reserved 1085440K
  class space    used 4727K, capacity 4920K, committed 4988K, reserved 1048576K
}
Event: 15.067 GC heap before
{Heap before GC invocations=15 (full 3):
 PSYoungGen      total 294400K, used 11183K [0x00000000d6200000, 0x00000000eb880000, 0x0000000100000000)
  eden space 262656K, 0% used [0x00000000d6200000,0x00000000d6200000,0x00000000e6280000)
  from space 31744K, 35% used [0x00000000e8900000,0x00000000e93ebd00,0x00000000ea800000)
  to   space 39424K, 0% used [0x00000000e6280000,0x00000000e6280000,0x00000000e8900000)
 ParOldGen       total 68096K, used 62750K [0x0000000082600000, 0x0000000086880000, 0x00000000d6200000)
  object space 68096K, 92% used [0x0000000082600000,0x0000000086347b10,0x0000000086880000)
 Metaspace       used 39859K, capacity 40512K, committed 40828K, reserved 1085440K
  class space    used 4727K, capacity 4920K, committed 4988K, reserved 1048576K
Event: 15.168 GC heap after
Heap after GC invocations=15 (full 3):
 PSYoungGen      total 294400K, used 0K [0x00000000d6200000, 0x00000000eb880000, 0x0000000100000000)
  eden space 262656K, 0% used [0x00000000d6200000,0x00000000d6200000,0x00000000e6280000)
  from space 31744K, 0% used [0x00000000e8900000,0x00000000e8900000,0x00000000ea800000)
  to   space 39424K, 0% used [0x00000000e6280000,0x00000000e6280000,0x00000000e8900000)
 ParOldGen       total 132096K, used 37268K [0x0000000082600000, 0x000000008a700000, 0x00000000d6200000)
  object space 132096K, 28% used [0x0000000082600000,0x0000000084a65178,0x000000008a700000)
 Metaspace       used 39859K, capacity 40512K, committed 40828K, reserved 1085440K
  class space    used 4727K, capacity 4920K, committed 4988K, reserved 1048576K
}

Deoptimization events (10 events):
Event: 15.511 Thread 0x000000001c611800 Uncommon trap: reason=array_check action=maybe_recompile pc=0x00000000042cce6c method=java.util.AbstractCollection.toArray([Ljava/lang/Object;)[Ljava/lang/Object; @ 119
Event: 15.511 Thread 0x000000001c611800 Uncommon trap: reason=array_check action=maybe_recompile pc=0x00000000042cce6c method=java.util.AbstractCollection.toArray([Ljava/lang/Object;)[Ljava/lang/Object; @ 119
Event: 15.511 Thread 0x000000001c611800 Uncommon trap: reason=array_check action=maybe_recompile pc=0x00000000042cce6c method=java.util.AbstractCollection.toArray([Ljava/lang/Object;)[Ljava/lang/Object; @ 119
Event: 15.511 Thread 0x000000001c611800 Uncommon trap: reason=array_check action=maybe_recompile pc=0x00000000042cce6c method=java.util.AbstractCollection.toArray([Ljava/lang/Object;)[Ljava/lang/Object; @ 119
Event: 15.555 Thread 0x000000001c611800 Uncommon trap: reason=unstable_if action=reinterpret pc=0x0000000004349838 method=org.springframework.util.ConcurrentReferenceHashMap$Segment.restructureIfNecessary(Z)V @ 15
Event: 15.557 Thread 0x000000001c611800 Uncommon trap: reason=unstable_if action=reinterpret pc=0x0000000004355468 method=org.springframework.util.ConcurrentReferenceHashMap$Segment.findInChain(Lorg/springframework/util/ConcurrentReferenceHashMap$Reference;Ljava/lang/Object;I)Lorg/springframewo
Event: 15.557 Thread 0x000000001c611800 Uncommon trap: reason=unstable_if action=reinterpret pc=0x000000000434be7c method=org.springframework.util.ConcurrentReferenceHashMap$Segment.findInChain(Lorg/springframework/util/ConcurrentReferenceHashMap$Reference;Ljava/lang/Object;I)Lorg/springframewo
Event: 15.558 Thread 0x000000001c611800 Uncommon trap: reason=unstable_if action=reinterpret pc=0x0000000004349ffc method=org.springframework.util.ConcurrentReferenceHashMap$Segment.findInChain(Lorg/springframework/util/ConcurrentReferenceHashMap$Reference;Ljava/lang/Object;I)Lorg/springframewo
Event: 15.572 Thread 0x000000001c611800 Uncommon trap: reason=unstable_if action=reinterpret pc=0x000000000419cd80 method=java.io.WinNTFileSystem.resolve(Ljava/lang/String;Ljava/lang/String;)Ljava/lang/String; @ 36
Event: 15.575 Thread 0x000000000307e000 Uncommon trap: reason=unstable_if action=reinterpret pc=0x000000000432f578 method=sun.nio.cs.UTF_8$Encoder.encodeArrayLoop(Ljava/nio/CharBuffer;Ljava/nio/ByteBuffer;)Ljava/nio/charset/CoderResult; @ 87

Classes redefined (0 events):
No events

Internal exceptions (10 events):
Event: 15.423 Thread 0x000000001c611800 Exception <a 'java/lang/ClassNotFoundException': com/pinyougou/sellergoods/service/impl/ItemServiceImplCustomizer> (0x00000000d73740e8) thrown at [C:\workspace\8-2-build-windows-amd64-cygwin\jdk8u192\11897\hotspot\src\share\vm\classfile\systemDictionary.c
Event: 15.445 Thread 0x000000001c611800 Exception <a 'java/lang/ClassNotFoundException': com/pinyougou/sellergoods/service/impl/SellerServiceImplBeanInfo> (0x00000000d7541338) thrown at [C:\workspace\8-2-build-windows-amd64-cygwin\jdk8u192\11897\hotspot\src\share\vm\classfile\systemDictionary.c
Event: 15.445 Thread 0x000000001c611800 Exception <a 'java/lang/ClassNotFoundException': com/pinyougou/sellergoods/service/impl/SellerServiceImplCustomizer> (0x00000000d7569a78) thrown at [C:\workspace\8-2-build-windows-amd64-cygwin\jdk8u192\11897\hotspot\src\share\vm\classfile\systemDictionary
Event: 15.468 Thread 0x000000001c611800 Exception <a 'java/lang/ClassNotFoundException': com/pinyougou/sellergoods/service/impl/SpecificationOptionServiceImplBeanInfo> (0x00000000d8006ab8) thrown at [C:\workspace\8-2-build-windows-amd64-cygwin\jdk8u192\11897\hotspot\src\share\vm\classfile\syste
Event: 15.469 Thread 0x000000001c611800 Exception <a 'java/lang/ClassNotFoundException': com/pinyougou/sellergoods/service/impl/SpecificationOptionServiceImplCustomizer> (0x00000000d8034cc0) thrown at [C:\workspace\8-2-build-windows-amd64-cygwin\jdk8u192\11897\hotspot\src\share\vm\classfile\sys
Event: 15.496 Thread 0x000000001c611800 Exception <a 'java/lang/ClassNotFoundException': com/pinyougou/sellergoods/service/impl/SpecificationServiceImplBeanInfo> (0x00000000d8243488) thrown at [C:\workspace\8-2-build-windows-amd64-cygwin\jdk8u192\11897\hotspot\src\share\vm\classfile\systemDicti
Event: 15.497 Thread 0x000000001c611800 Exception <a 'java/lang/ClassNotFoundException': com/pinyougou/sellergoods/service/impl/SpecificationServiceImplCustomizer> (0x00000000d826ed98) thrown at [C:\workspace\8-2-build-windows-amd64-cygwin\jdk8u192\11897\hotspot\src\share\vm\classfile\systemDic
Event: 15.523 Thread 0x000000001c611800 Exception <a 'java/lang/ClassNotFoundException': com/pinyougou/sellergoods/service/impl/TypeTemplateServiceImplBeanInfo> (0x00000000d8769c90) thrown at [C:\workspace\8-2-build-windows-amd64-cygwin\jdk8u192\11897\hotspot\src\share\vm\classfile\systemDictio
Event: 15.523 Thread 0x000000001c611800 Exception <a 'java/lang/ClassNotFoundException': com/pinyougou/sellergoods/service/impl/TypeTemplateServiceImplCustomizer> (0x00000000d8795420) thrown at [C:\workspace\8-2-build-windows-amd64-cygwin\jdk8u192\11897\hotspot\src\share\vm\classfile\systemDict
Event: 15.562 Thread 0x000000001c611800 Exception <a 'java/io/FileNotFoundException'> (0x00000000d8f83aa0) thrown at [C:\workspace\8-2-build-windows-amd64-cygwin\jdk8u192\11897\hotspot\src\share\vm\prims\jni.cpp, line 709]

Events (10 events):
Event: 15.578 loading class org/apache/tomcat/maven/common/run/EmbeddedRegistry
Event: 15.578 loading class org/apache/tomcat/maven/common/run/EmbeddedRegistry done
Event: 15.579 Executing VM operation: RevokeBias
Event: 15.579 Executing VM operation: RevokeBias done
Event: 15.579 loading class org/apache/tomcat/maven/common/run/EmbeddedRegistry$1
Event: 15.579 loading class org/apache/tomcat/maven/common/run/EmbeddedRegistry$1 done
Event: 15.579 Executing VM operation: RevokeBias
Event: 15.579 Executing VM operation: RevokeBias done
Event: 15.579 loading class org/apache/tomcat/maven/common/run/EmbeddedRegistry$1
Event: 15.579 loading class org/apache/tomcat/maven/common/run/EmbeddedRegistry$1 done


Dynamic libraries:
0x00007ff7b5760000 - 0x00007ff7b5797000 	D:\Java\jdk1.8.0_192\bin\javaw.exe
0x00007ffedd640000 - 0x00007ffedd82d000 	C:\Windows\SYSTEM32\ntdll.dll
0x00007ffeda980000 - 0x00007ffedaa33000 	C:\Windows\System32\KERNEL32.DLL
0x00007ffeda5d0000 - 0x00007ffeda863000 	C:\Windows\System32\KERNELBASE.dll
0x00007ffeda870000 - 0x00007ffeda913000 	C:\Windows\System32\ADVAPI32.dll
0x00007ffedced0000 - 0x00007ffedcf6e000 	C:\Windows\System32\msvcrt.dll
0x00007ffedc890000 - 0x00007ffedc92e000 	C:\Windows\System32\sechost.dll
0x00007ffedcfa0000 - 0x00007ffedd0c2000 	C:\Windows\System32\RPCRT4.dll
0x00007ffedd140000 - 0x00007ffedd2d7000 	C:\Windows\System32\USER32.dll
0x00007ffed9710000 - 0x00007ffed9730000 	C:\Windows\System32\win32u.dll
0x00007ffedcea0000 - 0x00007ffedcec9000 	C:\Windows\System32\GDI32.dll
0x00007ffed97e0000 - 0x00007ffed997a000 	C:\Windows\System32\gdi32full.dll
0x00007ffed9aa0000 - 0x00007ffed9b40000 	C:\Windows\System32\msvcp_win.dll
0x00007ffed9980000 - 0x00007ffed9a7a000 	C:\Windows\System32\ucrtbase.dll
0x00007ffeca6e0000 - 0x00007ffeca959000 	C:\Windows\WinSxS\amd64_microsoft.windows.common-controls_6595b64144ccf1df_6.0.17763.437_none_05b63dca071e5dd6\COMCTL32.dll
0x00007ffedd2e0000 - 0x00007ffedd60c000 	C:\Windows\System32\combase.dll
0x00007ffed9730000 - 0x00007ffed97ae000 	C:\Windows\System32\bcryptPrimitives.dll
0x00007ffedab70000 - 0x00007ffedab9e000 	C:\Windows\System32\IMM32.DLL
0x0000000060650000 - 0x0000000060721000 	D:\Java\jdk1.8.0_192\jre\bin\msvcr100.dll
0x0000000060a70000 - 0x0000000061313000 	D:\Java\jdk1.8.0_192\jre\bin\server\jvm.dll
0x00007ffedd130000 - 0x00007ffedd138000 	C:\Windows\System32\PSAPI.DLL
0x00007ffed6010000 - 0x00007ffed6019000 	C:\Windows\SYSTEM32\WSOCK32.dll
0x00007ffed7870000 - 0x00007ffed7894000 	C:\Windows\SYSTEM32\WINMM.dll
0x00007ffedc990000 - 0x00007ffedc9fd000 	C:\Windows\System32\WS2_32.dll
0x00007ffecebb0000 - 0x00007ffecebba000 	C:\Windows\SYSTEM32\VERSION.dll
0x00007ffed7750000 - 0x00007ffed777d000 	C:\Windows\SYSTEM32\winmmbase.dll
0x00007ffed9b40000 - 0x00007ffed9b8a000 	C:\Windows\System32\cfgmgr32.dll
0x00007ffed51c0000 - 0x00007ffed51cf000 	D:\Java\jdk1.8.0_192\jre\bin\verify.dll
0x00007ffed4560000 - 0x00007ffed4589000 	D:\Java\jdk1.8.0_192\jre\bin\java.dll
0x00007ffed51a0000 - 0x00007ffed51b6000 	D:\Java\jdk1.8.0_192\jre\bin\zip.dll
0x00007ffedb390000 - 0x00007ffedc880000 	C:\Windows\System32\SHELL32.dll
0x00007ffedacb0000 - 0x00007ffedad58000 	C:\Windows\System32\shcore.dll
0x00007ffed9e80000 - 0x00007ffeda5ca000 	C:\Windows\System32\windows.storage.dll
0x00007ffed96e0000 - 0x00007ffed9704000 	C:\Windows\System32\profapi.dll
0x00007ffed9660000 - 0x00007ffed96bd000 	C:\Windows\System32\powrprof.dll
0x00007ffedd0d0000 - 0x00007ffedd122000 	C:\Windows\System32\shlwapi.dll
0x00007ffed96c0000 - 0x00007ffed96d1000 	C:\Windows\System32\kernel.appcore.dll
0x00007ffed9a80000 - 0x00007ffed9a97000 	C:\Windows\System32\cryptsp.dll
0x00007ffed8a50000 - 0x00007ffed8a83000 	C:\Windows\system32\rsaenh.dll
0x00007ffed97b0000 - 0x00007ffed97d6000 	C:\Windows\System32\bcrypt.dll
0x00007ffed9540000 - 0x00007ffed9568000 	C:\Windows\SYSTEM32\USERENV.dll
0x00007ffed9060000 - 0x00007ffed906c000 	C:\Windows\SYSTEM32\CRYPTBASE.dll
0x00007ffed50e0000 - 0x00007ffed50fa000 	D:\Java\jdk1.8.0_192\jre\bin\net.dll
0x00007ffed8e90000 - 0x00007ffed8ef7000 	C:\Windows\system32\mswsock.dll
0x00007ffed8bf0000 - 0x00007ffed8c2d000 	C:\Windows\SYSTEM32\IPHLPAPI.DLL
0x00007ffedcf90000 - 0x00007ffedcf98000 	C:\Windows\System32\NSI.dll
0x00007ffed20f0000 - 0x00007ffed2106000 	C:\Windows\SYSTEM32\dhcpcsvc6.DLL
0x00007ffed20d0000 - 0x00007ffed20ec000 	C:\Windows\SYSTEM32\dhcpcsvc.DLL
0x00007ffed8c30000 - 0x00007ffed8cf6000 	C:\Windows\SYSTEM32\DNSAPI.dll
0x00007ffed43d0000 - 0x00007ffed43e1000 	D:\Java\jdk1.8.0_192\jre\bin\nio.dll
0x00007ffed7950000 - 0x00007ffed795a000 	C:\Users\ZY\AppData\Local\Temp\jansi-1.16-7672126554043953824.dll
0x00007ffed7940000 - 0x00007ffed794a000 	C:\Users\ZY\AppData\Local\Temp\jansi-1.16-8150742901980663773.dll
0x00007ffed2600000 - 0x00007ffed260d000 	D:\Java\jdk1.8.0_192\jre\bin\management.dll
0x00007ffec7650000 - 0x00007ffec7666000 	C:\Windows\system32\napinsp.dll
0x00007ffec7000000 - 0x00007ffec701a000 	C:\Windows\system32\pnrpnsp.dll
0x00007ffec6b20000 - 0x00007ffec6b2e000 	C:\Windows\System32\winrnr.dll
0x00007ffed5ed0000 - 0x00007ffed5eeb000 	C:\Windows\system32\NLAapi.dll
0x00007ffec6b00000 - 0x00007ffec6b15000 	C:\Windows\system32\wshbth.dll
0x00007ffecddd0000 - 0x00007ffecddda000 	C:\Windows\System32\rasadhlp.dll
0x00007ffece430000 - 0x00007ffece4a9000 	C:\Windows\System32\fwpuclnt.dll

VM Arguments:
jvm_args: -Dmaven.home=E:\ProgramFiles\apache-maven-3.5.2 -Dclassworlds.conf=E:\eclipse-workspace\.metadata\.plugins\org.eclipse.m2e.launching\launches\m2conf2933354818803942493.tmp -Dmaven.multiModuleProjectDirectory=E:\eclipse-workspace\pinyougou-parent\pinyougou-serllergoods-service -Dfile.encoding=UTF-8 
java_command: org.codehaus.plexus.classworlds.launcher.Launcher -B -s E:\ProgramFiles\apache-maven-3.5.2\conf\settings.xml tomcat7:run
java_class_path (initial): E:\ProgramFiles\apache-maven-3.5.2\boot\plexus-classworlds-2.5.2.jar
Launcher Type: SUN_STANDARD

Environment Variables:
JAVA_HOME=D:\Java\jdk1.8.0_192
PATH=D:/Java/jdk1.8.0_192/bin/../jre/bin/server;D:/Java/jdk1.8.0_192/bin/../jre/bin;D:/Java/jdk1.8.0_192/bin/../jre/lib/amd64;D:\Java\jdk1.8.0_192\bin;C:\Program Files (x86)\Intel\Intel(R) Management Engine Components\iCLS\;C:\Program Files\Intel\Intel(R) Management Engine Components\iCLS\;C:\Windows\system32;C:\Windows;C:\Windows\System32\Wbem;C:\Windows\System32\WindowsPowerShell\v1.0\;C:\Windows\System32\OpenSSH\;C:\Program Files (x86)\NVIDIA Corporation\PhysX\Common;C:\Program Files (x86)\Intel\Intel(R) Management Engine Components\DAL;C:\Program Files\Intel\Intel(R) Management Engine Components\DAL;C:\Program Files (x86)\Intel\Intel(R) Management Engine Components\IPT;C:\Program Files\Intel\Intel(R) Management Engine Components\IPT;D:\MySQL\bin;E:\ProgramFiles\apache-maven-3.5.2\bin;E:\Program Files (x86)\SecureCRT\;C:\Program Files\NVIDIA Corporation\NVIDIA NvDLISR;E:\ProgramFiles\VisualSVN Server\bin;E:\ProgramFiles\TortoiseSVN\bin;E:\ProgramFiles\Git\cmd;E:\ProgramFiles\TortoiseGit\bin;C:\Users\ZY\AppData\Local\Microsoft\WindowsApps;;D:\eclipse;
USERNAME=ZY
OS=Windows_NT
PROCESSOR_IDENTIFIER=Intel64 Family 6 Model 158 Stepping 10, GenuineIntel



---------------  S Y S T E M  ---------------

OS: Windows 10.0 , 64 bit Build 17763 (10.0.17763.437)

CPU:total 6 (initial active 6) (6 cores per cpu, 1 threads per core) family 6 model 158 stepping 10, cmov, cx8, fxsr, mmx, sse, sse2, sse3, ssse3, sse4.1, sse4.2, popcnt, avx, avx2, aes, clmul, erms, 3dnowpref, lzcnt, tsc, tscinvbit, bmi1, bmi2, adx

Memory: 4k page, physical 8232300k(1866304k free), swap 17407464k(2208k free)

vm_info: Java HotSpot(TM) 64-Bit Server VM (25.192-b12) for windows-amd64 JRE (1.8.0_192-b12), built on Oct  6 2018 17:12:23 by "java_re" with MS VC++ 10.0 (VS2010)

time: Sat Apr 27 21:14:08 2019
timezone: 中国标准时间
elapsed time: 15 seconds (0d 0h 0m 15s)

