#
# There is insufficient memory for the Java Runtime Environment to continue.
# Native memory allocation (malloc) failed to allocate 131088 bytes for Chunk::new
# Possible reasons:
#   The system is out of physical RAM or swap space
#   The process is running with CompressedOops enabled, and the Java Heap may be blocking the growth of the native heap
# Possible solutions:
#   Reduce memory load on the system
#   Increase physical memory or swap space
#   Check if swap backing store is full
#   Decrease Java heap size (-Xmx/-Xms)
#   Decrease number of Java threads
#   Decrease Java thread stack sizes (-Xss)
#   Set larger code cache with -XX:ReservedCodeCacheSize=
#   JVM is running with Unscaled Compressed Oops mode in which the Java heap is
#     placed in the first 4GB address space. The Java Heap base address is the
#     maximum limit for the native heap growth. Please use -XX:HeapBaseMinAddress
#     to set the Java Heap base and to place the Java Heap above 4GB virtual address.
# This output file may be truncated or incomplete.
#
#  Out of Memory Error (allocation.cpp:390), pid=15316, tid=0x0000000000002d48
#
# JRE version: Java(TM) SE Runtime Environment (8.0_192-b12) (build 1.8.0_192-b12)
# Java VM: Java HotSpot(TM) 64-Bit Server VM (25.192-b12 mixed mode windows-amd64 compressed oops)
# Failed to write core dump. Minidumps are not enabled by default on client versions of Windows
#

---------------  T H R E A D  ---------------

Current thread (0x000000001919e000):  JavaThread "C2 CompilerThread1" daemon [_thread_in_native, id=11592, stack(0x0000000019850000,0x0000000019950000)]

Stack: [0x0000000019850000,0x0000000019950000]
[error occurred during error reporting (printing stack bounds), id 0xc0000005]

Native frames: (J=compiled Java code, j=interpreted, Vv=VM code, C=native code)


Current CompileTask:
C2:   3810 4000   !   4       org.apache.catalina.startup.ContextConfig::populateJavaClassCache (159 bytes)


---------------  P R O C E S S  ---------------

Java Threads: ( => current thread )
  0x000000001e4e6000 JavaThread "localhost-startStop-1" daemon [_thread_blocked, id=4884, stack(0x000000001fb70000,0x000000001fc70000)]
  0x000000001bd3b000 JavaThread "Tomcat-startStop-1" daemon [_thread_blocked, id=13260, stack(0x000000001fa70000,0x000000001fb70000)]
  0x0000000019225800 JavaThread "Service Thread" daemon [_thread_blocked, id=13296, stack(0x0000000019a50000,0x0000000019b50000)]
  0x00000000191a8800 JavaThread "C1 CompilerThread2" daemon [_thread_blocked, id=8336, stack(0x0000000019950000,0x0000000019a50000)]
=>0x000000001919e000 JavaThread "C2 CompilerThread1" daemon [_thread_in_native, id=11592, stack(0x0000000019850000,0x0000000019950000)]
  0x000000001777d800 JavaThread "C2 CompilerThread0" daemon [_thread_in_native, id=10036, stack(0x0000000019750000,0x0000000019850000)]
  0x0000000017772800 JavaThread "Attach Listener" daemon [_thread_blocked, id=4992, stack(0x0000000019650000,0x0000000019750000)]
  0x0000000017771800 JavaThread "Signal Dispatcher" daemon [_thread_blocked, id=12088, stack(0x0000000019550000,0x0000000019650000)]
  0x0000000002a6e800 JavaThread "Finalizer" daemon [_thread_blocked, id=9140, stack(0x0000000018ff0000,0x00000000190f0000)]
  0x0000000002a65000 JavaThread "Reference Handler" daemon [_thread_blocked, id=14852, stack(0x0000000018ef0000,0x0000000018ff0000)]
  0x0000000000d2e000 JavaThread "main" [_thread_in_native, id=15188, stack(0x0000000002870000,0x0000000002970000)]

Other Threads:
  0x0000000017728000 VMThread [stack: 0x0000000018df0000,0x0000000018ef0000] [id=12836]
  0x0000000019242000 WatcherThread [stack: 0x0000000019b50000,0x0000000019c50000] [id=15164]

VM state:not at safepoint (normal execution)

VM Mutex/Monitor currently owned by a thread: None

OutOfMemory and StackOverflow Exception counts:
OutOfMemoryError java_heap_errors=1

heap address: 0x0000000082600000, size: 2010 MB, Compressed Oops mode: 32-bit
Narrow klass base: 0x0000000000000000, Narrow klass shift: 3
Compressed class space size: 1073741824 Address: 0x0000000100000000

Heap:
 PSYoungGen      total 213504K, used 59503K [0x00000000d6200000, 0x00000000e9c00000, 0x0000000100000000)
  eden space 190464K, 19% used [0x00000000d6200000,0x00000000d859d720,0x00000000e1c00000)
  from space 23040K, 99% used [0x00000000e1c00000,0x00000000e327e8b8,0x00000000e3280000)
  to   space 31744K, 0% used [0x00000000e7d00000,0x00000000e7d00000,0x00000000e9c00000)
 ParOldGen       total 69120K, used 47374K [0x0000000082600000, 0x0000000086980000, 0x00000000d6200000)
  object space 69120K, 68% used [0x0000000082600000,0x0000000085443918,0x0000000086980000)
 Metaspace       used 23859K, capacity 24446K, committed 24752K, reserved 1071104K
  class space    used 2788K, capacity 2969K, committed 2992K, reserved 1048576K

Card table byte_map: [0x0000000011e30000,0x0000000012220000] byte_map_base: 0x0000000011a1d000

Marking Bits: (ParMarkBitMap*) 0x0000000061293ce0
 Begin Bits: [0x0000000012ac0000, 0x0000000014a28000)
 End Bits:   [0x0000000014a28000, 0x0000000016990000)

Polling page: 0x00000000003f0000

CodeCache: size=245760Kb used=12896Kb max_used=14095Kb free=232864Kb
 bounds [0x0000000002a70000, 0x0000000003850000, 0x0000000011a70000]
 total_blobs=4130 nmethods=3724 adapters=318
 compilation: enabled

Compilation events (10 events):
Event: 3.596 Thread 0x00000000191a8800 4044       1       org.apache.catalina.deploy.WebXml::getTaglibs (5 bytes)
Event: 3.596 Thread 0x00000000191a8800 nmethod 4044 0x0000000002cc2850 code [0x0000000002cc29a0, 0x0000000002cc2ab0]
Event: 3.596 Thread 0x00000000191a8800 4045       1       org.apache.catalina.deploy.WebXml::getPostConstructMethods (5 bytes)
Event: 3.596 Thread 0x00000000191a8800 nmethod 4045 0x0000000002d44f50 code [0x0000000002d450a0, 0x0000000002d451b0]
Event: 3.596 Thread 0x00000000191a8800 4046       1       org.apache.catalina.deploy.WebXml::getPreDestroyMethods (5 bytes)
Event: 3.596 Thread 0x00000000191a8800 nmethod 4046 0x0000000003231950 code [0x0000000003231aa0, 0x0000000003231bb0]
Event: 3.735 Thread 0x00000000191a8800 4049       3       java.util.zip.Inflater::finalize (5 bytes)
Event: 3.735 Thread 0x00000000191a8800 nmethod 4049 0x0000000002b867d0 code [0x0000000002b86940, 0x0000000002b86ae8]
Event: 3.791 Thread 0x00000000191a8800 4050       3       org.apache.catalina.deploy.WebXml::mergeMap (162 bytes)
Event: 3.791 Thread 0x00000000191a8800 nmethod 4050 0x0000000002e1d390 code [0x0000000002e1d660, 0x0000000002e1ebe8]

GC Heap History (10 events):
Event: 2.267 GC heap before
{Heap before GC invocations=6 (full 0):
 PSYoungGen      total 70656K, used 36517K [0x00000000d6200000, 0x00000000df600000, 0x0000000100000000)
  eden space 65536K, 47% used [0x00000000d6200000,0x00000000d80af3d8,0x00000000da200000)
  from space 5120K, 99% used [0x00000000da200000,0x00000000da6fa040,0x00000000da700000)
  to   space 10240K, 0% used [0x00000000dec00000,0x00000000dec00000,0x00000000df600000)
 ParOldGen       total 86016K, used 12439K [0x0000000082600000, 0x0000000087a00000, 0x00000000d6200000)
  object space 86016K, 14% used [0x0000000082600000,0x0000000083225c50,0x0000000087a00000)
 Metaspace       used 20756K, capacity 21264K, committed 21296K, reserved 1069056K
  class space    used 2453K, capacity 2592K, committed 2608K, reserved 1048576K
Event: 2.279 GC heap after
Heap after GC invocations=6 (full 0):
 PSYoungGen      total 140800K, used 9092K [0x00000000d6200000, 0x00000000df700000, 0x0000000100000000)
  eden space 130560K, 0% used [0x00000000d6200000,0x00000000d6200000,0x00000000de180000)
  from space 10240K, 88% used [0x00000000dec00000,0x00000000df4e1300,0x00000000df600000)
  to   space 10752K, 0% used [0x00000000de180000,0x00000000de180000,0x00000000dec00000)
 ParOldGen       total 86016K, used 12447K [0x0000000082600000, 0x0000000087a00000, 0x00000000d6200000)
  object space 86016K, 14% used [0x0000000082600000,0x0000000083227c50,0x0000000087a00000)
 Metaspace       used 20756K, capacity 21264K, committed 21296K, reserved 1069056K
  class space    used 2453K, capacity 2592K, committed 2608K, reserved 1048576K
}
Event: 2.279 GC heap before
{Heap before GC invocations=7 (full 1):
 PSYoungGen      total 140800K, used 9092K [0x00000000d6200000, 0x00000000df700000, 0x0000000100000000)
  eden space 130560K, 0% used [0x00000000d6200000,0x00000000d6200000,0x00000000de180000)
  from space 10240K, 88% used [0x00000000dec00000,0x00000000df4e1300,0x00000000df600000)
  to   space 10752K, 0% used [0x00000000de180000,0x00000000de180000,0x00000000dec00000)
 ParOldGen       total 86016K, used 12447K [0x0000000082600000, 0x0000000087a00000, 0x00000000d6200000)
  object space 86016K, 14% used [0x0000000082600000,0x0000000083227c50,0x0000000087a00000)
 Metaspace       used 20756K, capacity 21264K, committed 21296K, reserved 1069056K
  class space    used 2453K, capacity 2592K, committed 2608K, reserved 1048576K
Event: 2.326 GC heap after
Heap after GC invocations=7 (full 1):
 PSYoungGen      total 140800K, used 0K [0x00000000d6200000, 0x00000000df700000, 0x0000000100000000)
  eden space 130560K, 0% used [0x00000000d6200000,0x00000000d6200000,0x00000000de180000)
  from space 10240K, 0% used [0x00000000dec00000,0x00000000dec00000,0x00000000df600000)
  to   space 10752K, 0% used [0x00000000de180000,0x00000000de180000,0x00000000dec00000)
 ParOldGen       total 69120K, used 15005K [0x0000000082600000, 0x0000000086980000, 0x00000000d6200000)
  object space 69120K, 21% used [0x0000000082600000,0x00000000834a74f8,0x0000000086980000)
 Metaspace       used 20756K, capacity 21264K, committed 21296K, reserved 1069056K
  class space    used 2453K, capacity 2592K, committed 2608K, reserved 1048576K
}
Event: 2.866 GC heap before
{Heap before GC invocations=8 (full 1):
 PSYoungGen      total 140800K, used 130560K [0x00000000d6200000, 0x00000000df700000, 0x0000000100000000)
  eden space 130560K, 100% used [0x00000000d6200000,0x00000000de180000,0x00000000de180000)
  from space 10240K, 0% used [0x00000000dec00000,0x00000000dec00000,0x00000000df600000)
  to   space 10752K, 0% used [0x00000000de180000,0x00000000de180000,0x00000000dec00000)
 ParOldGen       total 69120K, used 15005K [0x0000000082600000, 0x0000000086980000, 0x00000000d6200000)
  object space 69120K, 21% used [0x0000000082600000,0x00000000834a74f8,0x0000000086980000)
 Metaspace       used 23809K, capacity 24372K, committed 24752K, reserved 1071104K
  class space    used 2780K, capacity 2903K, committed 2992K, reserved 1048576K
Event: 2.877 GC heap after
Heap after GC invocations=8 (full 1):
 PSYoungGen      total 141312K, used 10726K [0x00000000d6200000, 0x00000000e4280000, 0x0000000100000000)
  eden space 130560K, 0% used [0x00000000d6200000,0x00000000d6200000,0x00000000de180000)
  from space 10752K, 99% used [0x00000000de180000,0x00000000debf99c8,0x00000000dec00000)
  to   space 16384K, 0% used [0x00000000e3280000,0x00000000e3280000,0x00000000e4280000)
 ParOldGen       total 69120K, used 24312K [0x0000000082600000, 0x0000000086980000, 0x00000000d6200000)
  object space 69120K, 35% used [0x0000000082600000,0x0000000083dbe2e0,0x0000000086980000)
 Metaspace       used 23809K, capacity 24372K, committed 24752K, reserved 1071104K
  class space    used 2780K, capacity 2903K, committed 2992K, reserved 1048576K
}
Event: 3.206 GC heap before
{Heap before GC invocations=9 (full 1):
 PSYoungGen      total 141312K, used 141286K [0x00000000d6200000, 0x00000000e4280000, 0x0000000100000000)
  eden space 130560K, 100% used [0x00000000d6200000,0x00000000de180000,0x00000000de180000)
  from space 10752K, 99% used [0x00000000de180000,0x00000000debf99c8,0x00000000dec00000)
  to   space 16384K, 0% used [0x00000000e3280000,0x00000000e3280000,0x00000000e4280000)
 ParOldGen       total 69120K, used 24312K [0x0000000082600000, 0x0000000086980000, 0x00000000d6200000)
  object space 69120K, 35% used [0x0000000082600000,0x0000000083dbe2e0,0x0000000086980000)
 Metaspace       used 23835K, capacity 24414K, committed 24752K, reserved 1071104K
  class space    used 2784K, capacity 2937K, committed 2992K, reserved 1048576K
Event: 3.220 GC heap after
Heap after GC invocations=9 (full 1):
 PSYoungGen      total 206848K, used 16376K [0x00000000d6200000, 0x00000000e5680000, 0x0000000100000000)
  eden space 190464K, 0% used [0x00000000d6200000,0x00000000d6200000,0x00000000e1c00000)
  from space 16384K, 99% used [0x00000000e3280000,0x00000000e427e108,0x00000000e4280000)
  to   space 23040K, 0% used [0x00000000e1c00000,0x00000000e1c00000,0x00000000e3280000)
 ParOldGen       total 69120K, used 33626K [0x0000000082600000, 0x0000000086980000, 0x00000000d6200000)
  object space 69120K, 48% used [0x0000000082600000,0x00000000846d6a68,0x0000000086980000)
 Metaspace       used 23835K, capacity 24414K, committed 24752K, reserved 1071104K
  class space    used 2784K, capacity 2937K, committed 2992K, reserved 1048576K
}
Event: 3.711 GC heap before
{Heap before GC invocations=10 (full 1):
 PSYoungGen      total 206848K, used 206840K [0x00000000d6200000, 0x00000000e5680000, 0x0000000100000000)
  eden space 190464K, 100% used [0x00000000d6200000,0x00000000e1c00000,0x00000000e1c00000)
  from space 16384K, 99% used [0x00000000e3280000,0x00000000e427e108,0x00000000e4280000)
  to   space 23040K, 0% used [0x00000000e1c00000,0x00000000e1c00000,0x00000000e3280000)
 ParOldGen       total 69120K, used 33626K [0x0000000082600000, 0x0000000086980000, 0x00000000d6200000)
  object space 69120K, 48% used [0x0000000082600000,0x00000000846d6a68,0x0000000086980000)
 Metaspace       used 23847K, capacity 24414K, committed 24752K, reserved 1071104K
  class space    used 2786K, capacity 2937K, committed 2992K, reserved 1048576K
Event: 3.730 GC heap after
Heap after GC invocations=10 (full 1):
 PSYoungGen      total 213504K, used 23034K [0x00000000d6200000, 0x00000000e9c00000, 0x0000000100000000)
  eden space 190464K, 0% used [0x00000000d6200000,0x00000000d6200000,0x00000000e1c00000)
  from space 23040K, 99% used [0x00000000e1c00000,0x00000000e327e8b8,0x00000000e3280000)
  to   space 31744K, 0% used [0x00000000e7d00000,0x00000000e7d00000,0x00000000e9c00000)
 ParOldGen       total 69120K, used 47374K [0x0000000082600000, 0x0000000086980000, 0x00000000d6200000)
  object space 69120K, 68% used [0x0000000082600000,0x0000000085443918,0x0000000086980000)
 Metaspace       used 23847K, capacity 24414K, committed 24752K, reserved 1071104K
  class space    used 2786K, capacity 2937K, committed 2992K, reserved 1048576K
}

Deoptimization events (10 events):
Event: 2.684 Thread 0x000000001e4e6000 Uncommon trap: reason=unstable_if action=reinterpret pc=0x00000000037792c8 method=org.apache.tomcat.util.bcel.classfile.ConstantUtf8$1.removeEldestEntry(Ljava/util/Map$Entry;)Z @ 7
Event: 2.725 Thread 0x000000001e4e6000 Uncommon trap: reason=unstable_if action=reinterpret pc=0x0000000003787334 method=org.apache.tomcat.util.bcel.classfile.Attribute.readAttribute(Ljava/io/DataInputStream;Lorg/apache/tomcat/util/bcel/classfile/ConstantPool;)Lorg/apache/tomcat/util/bcel/clas
Event: 2.733 Thread 0x000000001e4e6000 Uncommon trap: reason=unstable_if action=reinterpret pc=0x00000000037d4c64 method=java.util.HashMap.removeNode(ILjava/lang/Object;Ljava/lang/Object;ZZ)Ljava/util/HashMap$Node; @ 71
Event: 2.736 Thread 0x000000001e4e6000 Uncommon trap: reason=unstable_if action=reinterpret pc=0x00000000037d0b10 method=java.util.LinkedHashMap.afterNodeAccess(Ljava/util/HashMap$Node;)V @ 14
Event: 2.770 Thread 0x000000001e4e6000 Uncommon trap: reason=unstable_if action=reinterpret pc=0x0000000003732dc0 method=java.util.HashMap.removeNode(ILjava/lang/Object;Ljava/lang/Object;ZZ)Ljava/util/HashMap$Node; @ 71
Event: 2.775 Thread 0x000000001e4e6000 Uncommon trap: reason=unstable_if action=reinterpret pc=0x0000000003746d08 method=java.util.LinkedHashMap.afterNodeAccess(Ljava/util/HashMap$Node;)V @ 14
Event: 2.886 Thread 0x000000001e4e6000 Uncommon trap: reason=unloaded action=reinterpret pc=0x00000000037fcf74 method=org.apache.tomcat.util.bcel.classfile.Attribute.readAttribute(Ljava/io/DataInputStream;Lorg/apache/tomcat/util/bcel/classfile/ConstantPool;)Lorg/apache/tomcat/util/bcel/classfi
Event: 2.948 Thread 0x000000001e4e6000 Uncommon trap: reason=unstable_if action=reinterpret pc=0x000000000380e738 method=org.apache.catalina.startup.ContextConfig.getSCIsForClass(Ljava/lang/String;)Ljava/util/Set; @ 62
Event: 3.046 Thread 0x000000001e4e6000 Uncommon trap: reason=unstable_if action=reinterpret pc=0x00000000036cbd08 method=org.codehaus.plexus.classworlds.realm.Entry.matches(Ljava/lang/String;)Z @ 209
Event: 3.576 Thread 0x000000001e4e6000 Uncommon trap: reason=unstable_if action=reinterpret pc=0x00000000037f58b8 method=java.util.LinkedHashMap.afterNodeAccess(Ljava/util/HashMap$Node;)V @ 41

Classes redefined (0 events):
No events

Internal exceptions (10 events):
Event: 1.185 Thread 0x0000000000d2e000 Implicit null exception at 0x0000000002cb2f56 to 0x0000000002cb32e9
Event: 1.185 Thread 0x0000000000d2e000 Implicit null exception at 0x0000000002c52696 to 0x0000000002c52a25
Event: 1.298 Thread 0x0000000000d2e000 Implicit null exception at 0x0000000002e50515 to 0x0000000002e506ed
Event: 1.298 Thread 0x0000000000d2e000 Implicit null exception at 0x0000000002da69af to 0x0000000002da6a19
Event: 1.309 Thread 0x0000000000d2e000 Implicit null exception at 0x0000000002f0f298 to 0x0000000002f0f326
Event: 1.388 Thread 0x0000000000d2e000 Implicit null exception at 0x0000000003143b61 to 0x0000000003144cc1
Event: 2.160 Thread 0x0000000000d2e000 Exception <a 'java/io/FileNotFoundException'> (0x00000000d7490b00) thrown at [C:\workspace\8-2-build-windows-amd64-cygwin\jdk8u192\11897\hotspot\src\share\vm\prims\jni.cpp, line 709]
Event: 2.459 Thread 0x000000001e4e6000 Implicit null exception at 0x0000000003316c0b to 0x0000000003316cd1
Event: 3.576 Thread 0x000000001e4e6000 Implicit null exception at 0x00000000037f47c2 to 0x00000000037f588d
Event: 3.808 Thread 0x000000001e4e6000 Exception <a 'java/lang/OutOfMemoryError'> (0x00000000d8174db0) thrown at [C:\workspace\8-2-build-windows-amd64-cygwin\jdk8u192\11897\hotspot\src\share\vm\prims\jni.cpp, line 735]

Events (10 events):
Event: 3.808 loading class java/util/zip/DataFormatException
Event: 3.809 loading class java/util/zip/DataFormatException done
Event: 3.809 loading class org/apache/tomcat/util/ExceptionUtils
Event: 3.809 loading class org/apache/tomcat/util/ExceptionUtils done
Event: 3.809 loading class org/apache/tomcat/util/ExceptionUtils
Event: 3.809 loading class org/apache/tomcat/util/ExceptionUtils done
Event: 3.809 loading class java/lang/Throwable$WrappedPrintWriter
Event: 3.809 loading class java/lang/Throwable$PrintStreamOrWriter
Event: 3.809 loading class java/lang/Throwable$PrintStreamOrWriter done
Event: 3.809 loading class java/lang/Throwable$WrappedPrintWriter done


Dynamic libraries:
0x00007ff7b5760000 - 0x00007ff7b5797000 	D:\Java\jdk1.8.0_192\bin\javaw.exe
0x00007ffedd640000 - 0x00007ffedd82d000 	C:\Windows\SYSTEM32\ntdll.dll
0x00007ffeda980000 - 0x00007ffedaa33000 	C:\Windows\System32\KERNEL32.DLL
0x00007ffeda5d0000 - 0x00007ffeda863000 	C:\Windows\System32\KERNELBASE.dll
0x00007ffeda870000 - 0x00007ffeda913000 	C:\Windows\System32\ADVAPI32.dll
0x00007ffedced0000 - 0x00007ffedcf6e000 	C:\Windows\System32\msvcrt.dll
0x00007ffedc890000 - 0x00007ffedc92e000 	C:\Windows\System32\sechost.dll
0x00007ffedcfa0000 - 0x00007ffedd0c2000 	C:\Windows\System32\RPCRT4.dll
0x00007ffedd140000 - 0x00007ffedd2d7000 	C:\Windows\System32\USER32.dll
0x00007ffed9710000 - 0x00007ffed9730000 	C:\Windows\System32\win32u.dll
0x00007ffedcea0000 - 0x00007ffedcec9000 	C:\Windows\System32\GDI32.dll
0x00007ffed97e0000 - 0x00007ffed997a000 	C:\Windows\System32\gdi32full.dll
0x00007ffed9aa0000 - 0x00007ffed9b40000 	C:\Windows\System32\msvcp_win.dll
0x00007ffed9980000 - 0x00007ffed9a7a000 	C:\Windows\System32\ucrtbase.dll
0x00007ffeca6e0000 - 0x00007ffeca959000 	C:\Windows\WinSxS\amd64_microsoft.windows.common-controls_6595b64144ccf1df_6.0.17763.437_none_05b63dca071e5dd6\COMCTL32.dll
0x00007ffedd2e0000 - 0x00007ffedd60c000 	C:\Windows\System32\combase.dll
0x00007ffed9730000 - 0x00007ffed97ae000 	C:\Windows\System32\bcryptPrimitives.dll
0x00007ffedab70000 - 0x00007ffedab9e000 	C:\Windows\System32\IMM32.DLL
0x0000000060650000 - 0x0000000060721000 	D:\Java\jdk1.8.0_192\jre\bin\msvcr100.dll
0x0000000060a70000 - 0x0000000061313000 	D:\Java\jdk1.8.0_192\jre\bin\server\jvm.dll
0x00007ffedd130000 - 0x00007ffedd138000 	C:\Windows\System32\PSAPI.DLL
0x00007ffed6010000 - 0x00007ffed6019000 	C:\Windows\SYSTEM32\WSOCK32.dll
0x00007ffecebb0000 - 0x00007ffecebba000 	C:\Windows\SYSTEM32\VERSION.dll
0x00007ffed7870000 - 0x00007ffed7894000 	C:\Windows\SYSTEM32\WINMM.dll
0x00007ffedc990000 - 0x00007ffedc9fd000 	C:\Windows\System32\WS2_32.dll
0x00007ffed7750000 - 0x00007ffed777d000 	C:\Windows\SYSTEM32\WINMMBASE.dll
0x00007ffed9b40000 - 0x00007ffed9b8a000 	C:\Windows\System32\cfgmgr32.dll
0x00007ffed51c0000 - 0x00007ffed51cf000 	D:\Java\jdk1.8.0_192\jre\bin\verify.dll
0x00007ffed4560000 - 0x00007ffed4589000 	D:\Java\jdk1.8.0_192\jre\bin\java.dll
0x00007ffed51a0000 - 0x00007ffed51b6000 	D:\Java\jdk1.8.0_192\jre\bin\zip.dll
0x00007ffedb390000 - 0x00007ffedc880000 	C:\Windows\System32\SHELL32.dll
0x00007ffedacb0000 - 0x00007ffedad58000 	C:\Windows\System32\shcore.dll
0x00007ffed9e80000 - 0x00007ffeda5ca000 	C:\Windows\System32\windows.storage.dll
0x00007ffed96e0000 - 0x00007ffed9704000 	C:\Windows\System32\profapi.dll
0x00007ffed9660000 - 0x00007ffed96bd000 	C:\Windows\System32\powrprof.dll
0x00007ffedd0d0000 - 0x00007ffedd122000 	C:\Windows\System32\shlwapi.dll
0x00007ffed96c0000 - 0x00007ffed96d1000 	C:\Windows\System32\kernel.appcore.dll
0x00007ffed9a80000 - 0x00007ffed9a97000 	C:\Windows\System32\cryptsp.dll
0x00007ffed8a50000 - 0x00007ffed8a83000 	C:\Windows\system32\rsaenh.dll
0x00007ffed97b0000 - 0x00007ffed97d6000 	C:\Windows\System32\bcrypt.dll
0x00007ffed9540000 - 0x00007ffed9568000 	C:\Windows\SYSTEM32\USERENV.dll
0x00007ffed9060000 - 0x00007ffed906c000 	C:\Windows\SYSTEM32\CRYPTBASE.dll
0x00007ffed50e0000 - 0x00007ffed50fa000 	D:\Java\jdk1.8.0_192\jre\bin\net.dll
0x00007ffed8e90000 - 0x00007ffed8ef7000 	C:\Windows\system32\mswsock.dll
0x00007ffed8bf0000 - 0x00007ffed8c2d000 	C:\Windows\SYSTEM32\IPHLPAPI.DLL
0x00007ffedcf90000 - 0x00007ffedcf98000 	C:\Windows\System32\NSI.dll
0x00007ffed20f0000 - 0x00007ffed2106000 	C:\Windows\SYSTEM32\dhcpcsvc6.DLL
0x00007ffed20d0000 - 0x00007ffed20ec000 	C:\Windows\SYSTEM32\dhcpcsvc.DLL
0x00007ffed8c30000 - 0x00007ffed8cf6000 	C:\Windows\SYSTEM32\DNSAPI.dll
0x00007ffed43d0000 - 0x00007ffed43e1000 	D:\Java\jdk1.8.0_192\jre\bin\nio.dll
0x00007ffed7900000 - 0x00007ffed790a000 	C:\Users\ZY\AppData\Local\Temp\jansi-1.16-7284228306245345351.dll
0x00007ffed78f0000 - 0x00007ffed78fa000 	C:\Users\ZY\AppData\Local\Temp\jansi-1.16-2091732035815444146.dll
0x00007ffed2600000 - 0x00007ffed260d000 	D:\Java\jdk1.8.0_192\jre\bin\management.dll

VM Arguments:
jvm_args: -Dmaven.home=E:\ProgramFiles\apache-maven-3.5.2 -Dclassworlds.conf=E:\eclipse-workspace\.metadata\.plugins\org.eclipse.m2e.launching\launches\m2conf4085494162252789279.tmp -Dmaven.multiModuleProjectDirectory=E:\eclipse-workspace\pinyougou-parent\pinyougou-content-service -Dfile.encoding=UTF-8 
java_command: org.codehaus.plexus.classworlds.launcher.Launcher -B -s E:\ProgramFiles\apache-maven-3.5.2\conf\settings.xml tomcat7:run
java_class_path (initial): E:\ProgramFiles\apache-maven-3.5.2\boot\plexus-classworlds-2.5.2.jar
Launcher Type: SUN_STANDARD

Environment Variables:
JAVA_HOME=D:\Java\jdk1.8.0_192
PATH=D:/Java/jdk1.8.0_192/bin/../jre/bin/server;D:/Java/jdk1.8.0_192/bin/../jre/bin;D:/Java/jdk1.8.0_192/bin/../jre/lib/amd64;D:\Java\jdk1.8.0_192\bin;C:\Program Files (x86)\Intel\Intel(R) Management Engine Components\iCLS\;C:\Program Files\Intel\Intel(R) Management Engine Components\iCLS\;C:\Windows\system32;C:\Windows;C:\Windows\System32\Wbem;C:\Windows\System32\WindowsPowerShell\v1.0\;C:\Windows\System32\OpenSSH\;C:\Program Files (x86)\NVIDIA Corporation\PhysX\Common;C:\Program Files (x86)\Intel\Intel(R) Management Engine Components\DAL;C:\Program Files\Intel\Intel(R) Management Engine Components\DAL;C:\Program Files (x86)\Intel\Intel(R) Management Engine Components\IPT;C:\Program Files\Intel\Intel(R) Management Engine Components\IPT;D:\MySQL\bin;E:\ProgramFiles\apache-maven-3.5.2\bin;E:\Program Files (x86)\SecureCRT\;C:\Program Files\NVIDIA Corporation\NVIDIA NvDLISR;E:\ProgramFiles\VisualSVN Server\bin;E:\ProgramFiles\TortoiseSVN\bin;E:\ProgramFiles\Git\cmd;E:\ProgramFiles\TortoiseGit\bin;C:\Users\ZY\AppData\Local\Microsoft\WindowsApps;;D:\eclipse;
USERNAME=ZY
OS=Windows_NT
PROCESSOR_IDENTIFIER=Intel64 Family 6 Model 158 Stepping 10, GenuineIntel



---------------  S Y S T E M  ---------------

OS: Windows 10.0 , 64 bit Build 17763 (10.0.17763.437)

CPU:total 6 (initial active 6) (6 cores per cpu, 1 threads per core) family 6 model 158 stepping 10, cmov, cx8, fxsr, mmx, sse, sse2, sse3, ssse3, sse4.1, sse4.2, popcnt, avx, avx2, aes, clmul, erms, 3dnowpref, lzcnt, tsc, tscinvbit, bmi1, bmi2, adx

Memory: 4k page, physical 8232300k(1934476k free), swap 17407464k(5128k free)

vm_info: Java HotSpot(TM) 64-Bit Server VM (25.192-b12) for windows-amd64 JRE (1.8.0_192-b12), built on Oct  6 2018 17:12:23 by "java_re" with MS VC++ 10.0 (VS2010)

time: Sat Apr 27 21:12:52 2019
timezone: 中国标准时间
elapsed time: 3 seconds (0d 0h 0m 3s)

