#
# There is insufficient memory for the Java Runtime Environment to continue.
# Native memory allocation (malloc) failed to allocate 65552 bytes for Chunk::new
# Possible reasons:
#   The system is out of physical RAM or swap space
#   The process is running with CompressedOops enabled, and the Java Heap may be blocking the growth of the native heap
# Possible solutions:
#   Reduce memory load on the system
#   Increase physical memory or swap space
#   Check if swap backing store is full
#   Decrease Java heap size (-Xmx/-Xms)
#   Decrease number of Java threads
#   Decrease Java thread stack sizes (-Xss)
#   Set larger code cache with -XX:ReservedCodeCacheSize=
#   JVM is running with Unscaled Compressed Oops mode in which the Java heap is
#     placed in the first 4GB address space. The Java Heap base address is the
#     maximum limit for the native heap growth. Please use -XX:HeapBaseMinAddress
#     to set the Java Heap base and to place the Java Heap above 4GB virtual address.
# This output file may be truncated or incomplete.
#
#  Out of Memory Error (allocation.cpp:390), pid=5080, tid=0x0000000000003840
#
# JRE version: Java(TM) SE Runtime Environment (8.0_192-b12) (build 1.8.0_192-b12)
# Java VM: Java HotSpot(TM) 64-Bit Server VM (25.192-b12 mixed mode windows-amd64 compressed oops)
# Failed to write core dump. Minidumps are not enabled by default on client versions of Windows
#

---------------  T H R E A D  ---------------

Current thread (0x000000001919f000):  JavaThread "C2 CompilerThread1" daemon [_thread_in_native, id=14400, stack(0x0000000019850000,0x0000000019950000)]

Stack: [0x0000000019850000,0x0000000019950000]
[error occurred during error reporting (printing stack bounds), id 0xc0000005]

Native frames: (J=compiled Java code, j=interpreted, Vv=VM code, C=native code)


Current CompileTask:
C2:   7463 4139   !   4       org.apache.catalina.startup.ContextConfig::populateJavaClassCache (159 bytes)


---------------  P R O C E S S  ---------------

Java Threads: ( => current thread )
  0x000000001a9ed000 JavaThread "commons-pool-EvictionTimer" daemon [_thread_blocked, id=12408, stack(0x0000000024f90000,0x0000000025090000)]
  0x000000001a1e1800 JavaThread "Thread-2" daemon [_thread_in_native, id=4224, stack(0x00000000213f0000,0x00000000214f0000)]
  0x000000001dc33000 JavaThread "localhost-startStop-1" daemon [_thread_in_vm, id=11152, stack(0x000000001f350000,0x000000001f450000)]
  0x000000001dc32000 JavaThread "Tomcat-startStop-1" daemon [_thread_blocked, id=13244, stack(0x000000001f250000,0x000000001f350000)]
  0x0000000019224000 JavaThread "Service Thread" daemon [_thread_blocked, id=6284, stack(0x0000000019a50000,0x0000000019b50000)]
  0x00000000191a6000 JavaThread "C1 CompilerThread2" daemon [_thread_blocked, id=13320, stack(0x0000000019950000,0x0000000019a50000)]
=>0x000000001919f000 JavaThread "C2 CompilerThread1" daemon [_thread_in_native, id=14400, stack(0x0000000019850000,0x0000000019950000)]
  0x00000000177ed800 JavaThread "C2 CompilerThread0" daemon [_thread_in_native, id=11112, stack(0x0000000019750000,0x0000000019850000)]
  0x000000001919a800 JavaThread "Attach Listener" daemon [_thread_blocked, id=14664, stack(0x0000000019650000,0x0000000019750000)]
  0x00000000177e1800 JavaThread "Signal Dispatcher" daemon [_thread_blocked, id=1136, stack(0x0000000019550000,0x0000000019650000)]
  0x0000000002ade800 JavaThread "Finalizer" daemon [_thread_blocked, id=10580, stack(0x0000000019050000,0x0000000019150000)]
  0x0000000002ad5800 JavaThread "Reference Handler" daemon [_thread_blocked, id=3480, stack(0x0000000018f50000,0x0000000019050000)]
  0x00000000029de000 JavaThread "main" [_thread_blocked, id=4288, stack(0x0000000002810000,0x0000000002910000)]

Other Threads:
  0x0000000017797000 VMThread [stack: 0x0000000018e50000,0x0000000018f50000] [id=2744]
  0x0000000019242800 WatcherThread [stack: 0x0000000019b50000,0x0000000019c50000] [id=448]

VM state:not at safepoint (normal execution)

VM Mutex/Monitor currently owned by a thread: None

heap address: 0x0000000082600000, size: 2010 MB, Compressed Oops mode: 32-bit
Narrow klass base: 0x0000000000000000, Narrow klass shift: 3
Compressed class space size: 1073741824 Address: 0x0000000100000000

Heap:
 PSYoungGen      total 305152K, used 260945K [0x00000000d6200000, 0x00000000ec900000, 0x0000000100000000)
  eden space 272896K, 95% used [0x00000000d6200000,0x00000000e60d45c0,0x00000000e6c80000)
  from space 32256K, 0% used [0x00000000e9480000,0x00000000e9480000,0x00000000eb400000)
  to   space 40960K, 0% used [0x00000000e6c80000,0x00000000e6c80000,0x00000000e9480000)
 ParOldGen       total 138240K, used 53086K [0x0000000082600000, 0x000000008ad00000, 0x00000000d6200000)
  object space 138240K, 38% used [0x0000000082600000,0x00000000859d7b98,0x000000008ad00000)
 Metaspace       used 35212K, capacity 35866K, committed 36144K, reserved 1081344K
  class space    used 4170K, capacity 4363K, committed 4400K, reserved 1048576K

Card table byte_map: [0x0000000011ea0000,0x0000000012290000] byte_map_base: 0x0000000011a8d000

Marking Bits: (ParMarkBitMap*) 0x0000000061293ce0
 Begin Bits: [0x0000000012b30000, 0x0000000014a98000)
 End Bits:   [0x0000000014a98000, 0x0000000016a00000)

Polling page: 0x0000000000c50000

CodeCache: size=245760Kb used=12873Kb max_used=13970Kb free=232886Kb
 bounds [0x0000000002ae0000, 0x00000000038a0000, 0x0000000011ae0000]
 total_blobs=4862 nmethods=4420 adapters=354
 compilation: enabled

Compilation events (10 events):
Event: 7.460 Thread 0x00000000191a6000 5097       2       org.springframework.util.ConcurrentReferenceHashMap$ReferenceManager::createReference (43 bytes)
Event: 7.460 Thread 0x00000000191a6000 nmethod 5097 0x0000000002cdb9d0 code [0x0000000002cdbb40, 0x0000000002cdbe08]
Event: 7.460 Thread 0x00000000191a6000 5098       2       java.lang.Enum::getDeclaringClass (22 bytes)
Event: 7.460 Thread 0x00000000191a6000 nmethod 5098 0x0000000002cdb5d0 code [0x0000000002cdb740, 0x0000000002cdb8e8]
Event: 7.460 Thread 0x00000000191a6000 5100       2       org.springframework.core.ResolvableType::calculateHashCode (80 bytes)
Event: 7.460 Thread 0x00000000191a6000 nmethod 5100 0x0000000002cdb050 code [0x0000000002cdb1e0, 0x0000000002cdb468]
Event: 7.460 Thread 0x00000000191a6000 5101   !   2       org.springframework.core.SerializableTypeWrapper$TypeProxyInvocationHandler::invoke (232 bytes)
Event: 7.461 Thread 0x00000000191a6000 nmethod 5101 0x0000000003363490 code [0x0000000003363720, 0x0000000003364258]
Event: 7.461 Thread 0x00000000191a6000 5099       2       org.springframework.util.ConcurrentReferenceHashMap$1::<init> (23 bytes)
Event: 7.461 Thread 0x00000000191a6000 nmethod 5099 0x0000000002cdab50 code [0x0000000002cdacc0, 0x0000000002cdaef8]

GC Heap History (10 events):
Event: 3.751 GC heap before
{Heap before GC invocations=8 (full 1):
 PSYoungGen      total 141824K, used 131072K [0x00000000d6200000, 0x00000000df700000, 0x0000000100000000)
  eden space 131072K, 100% used [0x00000000d6200000,0x00000000de200000,0x00000000de200000)
  from space 10752K, 0% used [0x00000000dec80000,0x00000000dec80000,0x00000000df700000)
  to   space 10752K, 0% used [0x00000000de200000,0x00000000de200000,0x00000000dec80000)
 ParOldGen       total 68608K, used 14893K [0x0000000082600000, 0x0000000086900000, 0x00000000d6200000)
  object space 68608K, 21% used [0x0000000082600000,0x000000008348b560,0x0000000086900000)
 Metaspace       used 23915K, capacity 24532K, committed 24752K, reserved 1071104K
  class space    used 2780K, capacity 2935K, committed 2992K, reserved 1048576K
Event: 3.774 GC heap after
Heap after GC invocations=8 (full 1):
 PSYoungGen      total 141824K, used 10739K [0x00000000d6200000, 0x00000000e4b00000, 0x0000000100000000)
  eden space 131072K, 0% used [0x00000000d6200000,0x00000000d6200000,0x00000000de200000)
  from space 10752K, 99% used [0x00000000de200000,0x00000000dec7cf38,0x00000000dec80000)
  to   space 16896K, 0% used [0x00000000e3a80000,0x00000000e3a80000,0x00000000e4b00000)
 ParOldGen       total 68608K, used 24334K [0x0000000082600000, 0x0000000086900000, 0x00000000d6200000)
  object space 68608K, 35% used [0x0000000082600000,0x0000000083dc3b10,0x0000000086900000)
 Metaspace       used 23915K, capacity 24532K, committed 24752K, reserved 1071104K
  class space    used 2780K, capacity 2935K, committed 2992K, reserved 1048576K
}
Event: 4.242 GC heap before
{Heap before GC invocations=9 (full 1):
 PSYoungGen      total 141824K, used 141811K [0x00000000d6200000, 0x00000000e4b00000, 0x0000000100000000)
  eden space 131072K, 100% used [0x00000000d6200000,0x00000000de200000,0x00000000de200000)
  from space 10752K, 99% used [0x00000000de200000,0x00000000dec7cf38,0x00000000dec80000)
  to   space 16896K, 0% used [0x00000000e3a80000,0x00000000e3a80000,0x00000000e4b00000)
 ParOldGen       total 68608K, used 24334K [0x0000000082600000, 0x0000000086900000, 0x00000000d6200000)
  object space 68608K, 35% used [0x0000000082600000,0x0000000083dc3b10,0x0000000086900000)
 Metaspace       used 23918K, capacity 24532K, committed 24752K, reserved 1071104K
  class space    used 2780K, capacity 2935K, committed 2992K, reserved 1048576K
Event: 4.266 GC heap after
Heap after GC invocations=9 (full 1):
 PSYoungGen      total 215552K, used 16881K [0x00000000d6200000, 0x00000000e6100000, 0x0000000100000000)
  eden space 198656K, 0% used [0x00000000d6200000,0x00000000d6200000,0x00000000e2400000)
  from space 16896K, 99% used [0x00000000e3a80000,0x00000000e4afc658,0x00000000e4b00000)
  to   space 23040K, 0% used [0x00000000e2400000,0x00000000e2400000,0x00000000e3a80000)
 ParOldGen       total 68608K, used 33255K [0x0000000082600000, 0x0000000086900000, 0x00000000d6200000)
  object space 68608K, 48% used [0x0000000082600000,0x0000000084679fe0,0x0000000086900000)
 Metaspace       used 23918K, capacity 24532K, committed 24752K, reserved 1071104K
  class space    used 2780K, capacity 2935K, committed 2992K, reserved 1048576K
}
Event: 4.800 GC heap before
{Heap before GC invocations=10 (full 1):
 PSYoungGen      total 215552K, used 215537K [0x00000000d6200000, 0x00000000e6100000, 0x0000000100000000)
  eden space 198656K, 100% used [0x00000000d6200000,0x00000000e2400000,0x00000000e2400000)
  from space 16896K, 99% used [0x00000000e3a80000,0x00000000e4afc658,0x00000000e4b00000)
  to   space 23040K, 0% used [0x00000000e2400000,0x00000000e2400000,0x00000000e3a80000)
 ParOldGen       total 68608K, used 33255K [0x0000000082600000, 0x0000000086900000, 0x00000000d6200000)
  object space 68608K, 48% used [0x0000000082600000,0x0000000084679fe0,0x0000000086900000)
 Metaspace       used 23920K, capacity 24532K, committed 24752K, reserved 1071104K
  class space    used 2780K, capacity 2935K, committed 2992K, reserved 1048576K
Event: 4.831 GC heap after
Heap after GC invocations=10 (full 1):
 PSYoungGen      total 221696K, used 23020K [0x00000000d6200000, 0x00000000eb400000, 0x0000000100000000)
  eden space 198656K, 0% used [0x00000000d6200000,0x00000000d6200000,0x00000000e2400000)
  from space 23040K, 99% used [0x00000000e2400000,0x00000000e3a7b370,0x00000000e3a80000)
  to   space 32256K, 0% used [0x00000000e9480000,0x00000000e9480000,0x00000000eb400000)
 ParOldGen       total 68608K, used 47680K [0x0000000082600000, 0x0000000086900000, 0x00000000d6200000)
  object space 68608K, 69% used [0x0000000082600000,0x0000000085490050,0x0000000086900000)
 Metaspace       used 23920K, capacity 24532K, committed 24752K, reserved 1071104K
  class space    used 2780K, capacity 2935K, committed 2992K, reserved 1048576K
}
Event: 5.424 GC heap before
{Heap before GC invocations=11 (full 1):
 PSYoungGen      total 221696K, used 221676K [0x00000000d6200000, 0x00000000eb400000, 0x0000000100000000)
  eden space 198656K, 100% used [0x00000000d6200000,0x00000000e2400000,0x00000000e2400000)
  from space 23040K, 99% used [0x00000000e2400000,0x00000000e3a7b370,0x00000000e3a80000)
  to   space 32256K, 0% used [0x00000000e9480000,0x00000000e9480000,0x00000000eb400000)
 ParOldGen       total 68608K, used 47680K [0x0000000082600000, 0x0000000086900000, 0x00000000d6200000)
  object space 68608K, 69% used [0x0000000082600000,0x0000000085490050,0x0000000086900000)
 Metaspace       used 23943K, capacity 24536K, committed 24752K, reserved 1071104K
  class space    used 2783K, capacity 2935K, committed 2992K, reserved 1048576K
Event: 5.461 GC heap after
Heap after GC invocations=11 (full 1):
 PSYoungGen      total 305152K, used 32248K [0x00000000d6200000, 0x00000000ec900000, 0x0000000100000000)
  eden space 272896K, 0% used [0x00000000d6200000,0x00000000d6200000,0x00000000e6c80000)
  from space 32256K, 99% used [0x00000000e9480000,0x00000000eb3fe358,0x00000000eb400000)
  to   space 40960K, 0% used [0x00000000e6c80000,0x00000000e6c80000,0x00000000e9480000)
 ParOldGen       total 68608K, used 57663K [0x0000000082600000, 0x0000000086900000, 0x00000000d6200000)
  object space 68608K, 84% used [0x0000000082600000,0x0000000085e4fc48,0x0000000086900000)
 Metaspace       used 23943K, capacity 24536K, committed 24752K, reserved 1071104K
  class space    used 2783K, capacity 2935K, committed 2992K, reserved 1048576K
}
Event: 5.461 GC heap before
{Heap before GC invocations=12 (full 2):
 PSYoungGen      total 305152K, used 32248K [0x00000000d6200000, 0x00000000ec900000, 0x0000000100000000)
  eden space 272896K, 0% used [0x00000000d6200000,0x00000000d6200000,0x00000000e6c80000)
  from space 32256K, 99% used [0x00000000e9480000,0x00000000eb3fe358,0x00000000eb400000)
  to   space 40960K, 0% used [0x00000000e6c80000,0x00000000e6c80000,0x00000000e9480000)
 ParOldGen       total 68608K, used 57663K [0x0000000082600000, 0x0000000086900000, 0x00000000d6200000)
  object space 68608K, 84% used [0x0000000082600000,0x0000000085e4fc48,0x0000000086900000)
 Metaspace       used 23943K, capacity 24536K, committed 24752K, reserved 1071104K
  class space    used 2783K, capacity 2935K, committed 2992K, reserved 1048576K
Event: 5.596 GC heap after
Heap after GC invocations=12 (full 2):
 PSYoungGen      total 305152K, used 0K [0x00000000d6200000, 0x00000000ec900000, 0x0000000100000000)
  eden space 272896K, 0% used [0x00000000d6200000,0x00000000d6200000,0x00000000e6c80000)
  from space 32256K, 0% used [0x00000000e9480000,0x00000000e9480000,0x00000000eb400000)
  to   space 40960K, 0% used [0x00000000e6c80000,0x00000000e6c80000,0x00000000e9480000)
 ParOldGen       total 138240K, used 53086K [0x0000000082600000, 0x000000008ad00000, 0x00000000d6200000)
  object space 138240K, 38% used [0x0000000082600000,0x00000000859d7b98,0x000000008ad00000)
 Metaspace       used 23943K, capacity 24536K, committed 24752K, reserved 1071104K
  class space    used 2783K, capacity 2935K, committed 2992K, reserved 1048576K
}

Deoptimization events (10 events):
Event: 7.089 Thread 0x000000001dc33000 Uncommon trap: reason=bimorphic action=maybe_recompile pc=0x000000000305be2c method=java.util.regex.Pattern$5.isSatisfiedBy(I)Z @ 5
Event: 7.089 Thread 0x000000001dc33000 Uncommon trap: reason=bimorphic action=maybe_recompile pc=0x000000000305be2c method=java.util.regex.Pattern$5.isSatisfiedBy(I)Z @ 5
Event: 7.104 Thread 0x000000001dc33000 Uncommon trap: reason=unstable_if action=reinterpret pc=0x00000000034a87dc method=java.util.concurrent.ConcurrentHashMap.get(Ljava/lang/Object;)Ljava/lang/Object; @ 76
Event: 7.104 Thread 0x000000001dc33000 Uncommon trap: reason=class_check action=maybe_recompile pc=0x00000000030883fc method=java.util.concurrent.ConcurrentHashMap.putVal(Ljava/lang/Object;Ljava/lang/Object;Z)Ljava/lang/Object; @ 192
Event: 7.104 Thread 0x000000001dc33000 Uncommon trap: reason=class_check action=maybe_recompile pc=0x00000000030883fc method=java.util.concurrent.ConcurrentHashMap.putVal(Ljava/lang/Object;Ljava/lang/Object;Z)Ljava/lang/Object; @ 192
Event: 7.112 Thread 0x000000001dc33000 Uncommon trap: reason=class_check action=maybe_recompile pc=0x00000000030883fc method=java.util.concurrent.ConcurrentHashMap.putVal(Ljava/lang/Object;Ljava/lang/Object;Z)Ljava/lang/Object; @ 192
Event: 7.112 Thread 0x000000001dc33000 Uncommon trap: reason=class_check action=maybe_recompile pc=0x00000000030883fc method=java.util.concurrent.ConcurrentHashMap.putVal(Ljava/lang/Object;Ljava/lang/Object;Z)Ljava/lang/Object; @ 192
Event: 7.266 Thread 0x000000001dc33000 Uncommon trap: reason=unstable_if action=reinterpret pc=0x00000000037150c0 method=com.sun.org.apache.xerces.internal.utils.XMLLimitAnalyzer.addValue(ILjava/lang/String;I)V @ 7
Event: 7.266 Thread 0x000000001dc33000 Uncommon trap: reason=unstable_if action=reinterpret pc=0x0000000003687da0 method=com.sun.org.apache.xerces.internal.utils.XMLSecurityManager.isOverLimit(ILcom/sun/org/apache/xerces/internal/utils/XMLLimitAnalyzer;)Z @ 28
Event: 7.266 Thread 0x000000001dc33000 Uncommon trap: reason=unstable_if action=reinterpret pc=0x00000000037173e8 method=com.sun.org.apache.xerces.internal.impl.XMLEntityScanner.skipString(Ljava/lang/String;)Z @ 59

Classes redefined (0 events):
No events

Internal exceptions (10 events):
Event: 7.338 Thread 0x000000001dc33000 Exception <a 'java/lang/ClassNotFoundException': org/apache/commons/pool2/impl/BaseObjectPoolConfigBeanInfo> (0x00000000e54dd390) thrown at [C:\workspace\8-2-build-windows-amd64-cygwin\jdk8u192\11897\hotspot\src\share\vm\classfile\systemDictionary.cpp, li
Event: 7.339 Thread 0x000000001dc33000 Exception <a 'java/lang/ClassNotFoundException': org/apache/commons/pool2/impl/BaseObjectPoolConfigCustomizer> (0x00000000e5503e10) thrown at [C:\workspace\8-2-build-windows-amd64-cygwin\jdk8u192\11897\hotspot\src\share\vm\classfile\systemDictionary.cpp, 
Event: 7.339 Thread 0x000000001dc33000 Exception <a 'java/lang/ClassNotFoundException': org/apache/commons/pool2/impl/GenericObjectPoolConfigCustomizer> (0x00000000e5552098) thrown at [C:\workspace\8-2-build-windows-amd64-cygwin\jdk8u192\11897\hotspot\src\share\vm\classfile\systemDictionary.cp
Event: 7.340 Thread 0x000000001dc33000 Exception <a 'java/lang/ClassNotFoundException': redis/clients/jedis/JedisPoolConfigCustomizer> (0x00000000e557fd70) thrown at [C:\workspace\8-2-build-windows-amd64-cygwin\jdk8u192\11897\hotspot\src\share\vm\classfile\systemDictionary.cpp, line 210]
Event: 7.390 Thread 0x000000001dc33000 Exception <a 'java/lang/ClassNotFoundException': org/springframework/data/redis/connection/jedis/JedisConnectionFactoryBeanInfo> (0x00000000e5a9a568) thrown at [C:\workspace\8-2-build-windows-amd64-cygwin\jdk8u192\11897\hotspot\src\share\vm\classfile\syst
Event: 7.391 Thread 0x000000001dc33000 Exception <a 'java/lang/ClassNotFoundException': org/springframework/data/redis/connection/jedis/JedisConnectionFactoryCustomizer> (0x00000000e5ac9058) thrown at [C:\workspace\8-2-build-windows-amd64-cygwin\jdk8u192\11897\hotspot\src\share\vm\classfile\sy
Event: 7.420 Thread 0x000000001dc33000 Exception <a 'java/lang/ClassNotFoundException': org/springframework/data/redis/core/RedisTemplateBeanInfo> (0x00000000e5d80350) thrown at [C:\workspace\8-2-build-windows-amd64-cygwin\jdk8u192\11897\hotspot\src\share\vm\classfile\systemDictionary.cpp, lin
Event: 7.420 Thread 0x000000001dc33000 Exception <a 'java/lang/ClassNotFoundException': org/springframework/data/redis/core/RedisAccessorBeanInfo> (0x00000000e5da5830) thrown at [C:\workspace\8-2-build-windows-amd64-cygwin\jdk8u192\11897\hotspot\src\share\vm\classfile\systemDictionary.cpp, lin
Event: 7.421 Thread 0x000000001dc33000 Exception <a 'java/lang/ClassNotFoundException': org/springframework/data/redis/core/RedisAccessorCustomizer> (0x00000000e5dcc350) thrown at [C:\workspace\8-2-build-windows-amd64-cygwin\jdk8u192\11897\hotspot\src\share\vm\classfile\systemDictionary.cpp, l
Event: 7.421 Thread 0x000000001dc33000 Exception <a 'java/lang/ClassNotFoundException': org/springframework/data/redis/core/RedisTemplateCustomizer> (0x00000000e5df77b8) thrown at [C:\workspace\8-2-build-windows-amd64-cygwin\jdk8u192\11897\hotspot\src\share\vm\classfile\systemDictionary.cpp, l

Events (10 events):
Event: 7.460 loading class org/springframework/data/redis/serializer/JdkSerializationRedisSerializer
Event: 7.460 loading class org/springframework/data/redis/serializer/JdkSerializationRedisSerializer done
Event: 7.461 loading class org/springframework/data/redis/serializer/SerializationException
Event: 7.461 loading class org/springframework/data/redis/serializer/SerializationException done
Event: 7.461 loading class org/springframework/core/serializer/support/SerializingConverter
Event: 7.461 loading class org/springframework/core/serializer/support/SerializingConverter done
Event: 7.462 loading class org/springframework/core/serializer/Serializer
Event: 7.462 loading class org/springframework/core/serializer/Serializer done
Event: 7.462 loading class org/springframework/core/serializer/support/SerializationFailedException
Event: 7.462 loading class org/springframework/core/serializer/support/SerializationFailedException done


Dynamic libraries:
0x00007ff7b5760000 - 0x00007ff7b5797000 	D:\Java\jdk1.8.0_192\bin\javaw.exe
0x00007ffedd640000 - 0x00007ffedd82d000 	C:\Windows\SYSTEM32\ntdll.dll
0x00007ffeda980000 - 0x00007ffedaa33000 	C:\Windows\System32\KERNEL32.DLL
0x00007ffeda5d0000 - 0x00007ffeda863000 	C:\Windows\System32\KERNELBASE.dll
0x00007ffeda870000 - 0x00007ffeda913000 	C:\Windows\System32\ADVAPI32.dll
0x00007ffedced0000 - 0x00007ffedcf6e000 	C:\Windows\System32\msvcrt.dll
0x00007ffedc890000 - 0x00007ffedc92e000 	C:\Windows\System32\sechost.dll
0x00007ffedcfa0000 - 0x00007ffedd0c2000 	C:\Windows\System32\RPCRT4.dll
0x00007ffedd140000 - 0x00007ffedd2d7000 	C:\Windows\System32\USER32.dll
0x00007ffed9710000 - 0x00007ffed9730000 	C:\Windows\System32\win32u.dll
0x00007ffedcea0000 - 0x00007ffedcec9000 	C:\Windows\System32\GDI32.dll
0x00007ffed97e0000 - 0x00007ffed997a000 	C:\Windows\System32\gdi32full.dll
0x00007ffed9aa0000 - 0x00007ffed9b40000 	C:\Windows\System32\msvcp_win.dll
0x00007ffed9980000 - 0x00007ffed9a7a000 	C:\Windows\System32\ucrtbase.dll
0x00007ffeca6e0000 - 0x00007ffeca959000 	C:\Windows\WinSxS\amd64_microsoft.windows.common-controls_6595b64144ccf1df_6.0.17763.437_none_05b63dca071e5dd6\COMCTL32.dll
0x00007ffedd2e0000 - 0x00007ffedd60c000 	C:\Windows\System32\combase.dll
0x00007ffed9730000 - 0x00007ffed97ae000 	C:\Windows\System32\bcryptPrimitives.dll
0x00007ffedab70000 - 0x00007ffedab9e000 	C:\Windows\System32\IMM32.DLL
0x0000000060650000 - 0x0000000060721000 	D:\Java\jdk1.8.0_192\jre\bin\msvcr100.dll
0x0000000060a70000 - 0x0000000061313000 	D:\Java\jdk1.8.0_192\jre\bin\server\jvm.dll
0x00007ffedd130000 - 0x00007ffedd138000 	C:\Windows\System32\PSAPI.DLL
0x00007ffed6010000 - 0x00007ffed6019000 	C:\Windows\SYSTEM32\WSOCK32.dll
0x00007ffedc990000 - 0x00007ffedc9fd000 	C:\Windows\System32\WS2_32.dll
0x00007ffed7870000 - 0x00007ffed7894000 	C:\Windows\SYSTEM32\WINMM.dll
0x00007ffecebb0000 - 0x00007ffecebba000 	C:\Windows\SYSTEM32\VERSION.dll
0x00007ffed7750000 - 0x00007ffed777d000 	C:\Windows\SYSTEM32\WINMMBASE.dll
0x00007ffed9b40000 - 0x00007ffed9b8a000 	C:\Windows\System32\cfgmgr32.dll
0x00007ffed51c0000 - 0x00007ffed51cf000 	D:\Java\jdk1.8.0_192\jre\bin\verify.dll
0x00007ffed4560000 - 0x00007ffed4589000 	D:\Java\jdk1.8.0_192\jre\bin\java.dll
0x00007ffed51a0000 - 0x00007ffed51b6000 	D:\Java\jdk1.8.0_192\jre\bin\zip.dll
0x00007ffedb390000 - 0x00007ffedc880000 	C:\Windows\System32\SHELL32.dll
0x00007ffedacb0000 - 0x00007ffedad58000 	C:\Windows\System32\shcore.dll
0x00007ffed9e80000 - 0x00007ffeda5ca000 	C:\Windows\System32\windows.storage.dll
0x00007ffed96e0000 - 0x00007ffed9704000 	C:\Windows\System32\profapi.dll
0x00007ffed9660000 - 0x00007ffed96bd000 	C:\Windows\System32\powrprof.dll
0x00007ffedd0d0000 - 0x00007ffedd122000 	C:\Windows\System32\shlwapi.dll
0x00007ffed96c0000 - 0x00007ffed96d1000 	C:\Windows\System32\kernel.appcore.dll
0x00007ffed9a80000 - 0x00007ffed9a97000 	C:\Windows\System32\cryptsp.dll
0x00007ffed8a50000 - 0x00007ffed8a83000 	C:\Windows\system32\rsaenh.dll
0x00007ffed97b0000 - 0x00007ffed97d6000 	C:\Windows\System32\bcrypt.dll
0x00007ffed9540000 - 0x00007ffed9568000 	C:\Windows\SYSTEM32\USERENV.dll
0x00007ffed9060000 - 0x00007ffed906c000 	C:\Windows\SYSTEM32\CRYPTBASE.dll
0x00007ffed50e0000 - 0x00007ffed50fa000 	D:\Java\jdk1.8.0_192\jre\bin\net.dll
0x00007ffed8e90000 - 0x00007ffed8ef7000 	C:\Windows\system32\mswsock.dll
0x00007ffed8bf0000 - 0x00007ffed8c2d000 	C:\Windows\SYSTEM32\IPHLPAPI.DLL
0x00007ffedcf90000 - 0x00007ffedcf98000 	C:\Windows\System32\NSI.dll
0x00007ffed20f0000 - 0x00007ffed2106000 	C:\Windows\SYSTEM32\dhcpcsvc6.DLL
0x00007ffed20d0000 - 0x00007ffed20ec000 	C:\Windows\SYSTEM32\dhcpcsvc.DLL
0x00007ffed8c30000 - 0x00007ffed8cf6000 	C:\Windows\SYSTEM32\DNSAPI.dll
0x00007ffed43d0000 - 0x00007ffed43e1000 	D:\Java\jdk1.8.0_192\jre\bin\nio.dll
0x00007ffed7960000 - 0x00007ffed796a000 	C:\Users\ZY\AppData\Local\Temp\jansi-1.16-4454586291531259790.dll
0x00007ffed7910000 - 0x00007ffed791a000 	C:\Users\ZY\AppData\Local\Temp\jansi-1.16-360022266698283289.dll
0x00007ffed2600000 - 0x00007ffed260d000 	D:\Java\jdk1.8.0_192\jre\bin\management.dll

VM Arguments:
jvm_args: -Dmaven.home=E:\ProgramFiles\apache-maven-3.5.2 -Dclassworlds.conf=E:\eclipse-workspace\.metadata\.plugins\org.eclipse.m2e.launching\launches\m2conf7984809644058330040.tmp -Dmaven.multiModuleProjectDirectory=E:\eclipse-workspace\pinyougou-parent\pinyougou-content-service -Dfile.encoding=UTF-8 
java_command: org.codehaus.plexus.classworlds.launcher.Launcher -B -s E:\ProgramFiles\apache-maven-3.5.2\conf\settings.xml tomcat7:run
java_class_path (initial): E:\ProgramFiles\apache-maven-3.5.2\boot\plexus-classworlds-2.5.2.jar
Launcher Type: SUN_STANDARD

Environment Variables:
JAVA_HOME=D:\Java\jdk1.8.0_192
PATH=D:/Java/jdk1.8.0_192/bin/../jre/bin/server;D:/Java/jdk1.8.0_192/bin/../jre/bin;D:/Java/jdk1.8.0_192/bin/../jre/lib/amd64;D:\Java\jdk1.8.0_192\bin;C:\Program Files (x86)\Intel\Intel(R) Management Engine Components\iCLS\;C:\Program Files\Intel\Intel(R) Management Engine Components\iCLS\;C:\Windows\system32;C:\Windows;C:\Windows\System32\Wbem;C:\Windows\System32\WindowsPowerShell\v1.0\;C:\Windows\System32\OpenSSH\;C:\Program Files (x86)\NVIDIA Corporation\PhysX\Common;C:\Program Files (x86)\Intel\Intel(R) Management Engine Components\DAL;C:\Program Files\Intel\Intel(R) Management Engine Components\DAL;C:\Program Files (x86)\Intel\Intel(R) Management Engine Components\IPT;C:\Program Files\Intel\Intel(R) Management Engine Components\IPT;D:\MySQL\bin;E:\ProgramFiles\apache-maven-3.5.2\bin;E:\Program Files (x86)\SecureCRT\;C:\Program Files\NVIDIA Corporation\NVIDIA NvDLISR;E:\ProgramFiles\VisualSVN Server\bin;E:\ProgramFiles\TortoiseSVN\bin;E:\ProgramFiles\Git\cmd;E:\ProgramFiles\TortoiseGit\bin;C:\Users\ZY\AppData\Local\Microsoft\WindowsApps;;D:\eclipse;
USERNAME=ZY
OS=Windows_NT
PROCESSOR_IDENTIFIER=Intel64 Family 6 Model 158 Stepping 10, GenuineIntel



---------------  S Y S T E M  ---------------

OS: Windows 10.0 , 64 bit Build 17763 (10.0.17763.437)

CPU:total 6 (initial active 6) (6 cores per cpu, 1 threads per core) family 6 model 158 stepping 10, cmov, cx8, fxsr, mmx, sse, sse2, sse3, ssse3, sse4.1, sse4.2, popcnt, avx, avx2, aes, clmul, erms, 3dnowpref, lzcnt, tsc, tscinvbit, bmi1, bmi2, adx

Memory: 4k page, physical 8232300k(1933468k free), swap 17407464k(2900k free)

vm_info: Java HotSpot(TM) 64-Bit Server VM (25.192-b12) for windows-amd64 JRE (1.8.0_192-b12), built on Oct  6 2018 17:12:23 by "java_re" with MS VC++ 10.0 (VS2010)

time: Sat Apr 27 21:11:59 2019
timezone: 中国标准时间
elapsed time: 7 seconds (0d 0h 0m 7s)

